178 Set Declarations
    AAC2_TotalAnnualTechnologyActivityUpperLimit_constraint_index : Size=1, Index=None, Ordered=True
        Key  : Dimen : Domain                 : Size : Members
        None :    -- : REGION*TECHNOLOGY*YEAR :    0 :      {}
    AAC3_TotalAnnualTechnologyActivityLowerLimit_constraint_index : Size=1, Index=None, Ordered=True
        Key  : Dimen : Domain                 : Size : Members
        None :    -- : REGION*TECHNOLOGY*YEAR :    0 :      {}
    Acc1_FuelProductionByTechnology_constraint_index : Size=1, Index=None, Ordered=True
        Key  : Dimen : Domain                                : Size : Members
        None :    -- : REGION*TIMESLICE*TECHNOLOGY*FUEL*YEAR :    0 :      {}
    Acc2_FuelUseByTechnology_constraint_index : Size=1, Index=None, Ordered=True
        Key  : Dimen : Domain                                : Size : Members
        None :    -- : REGION*TIMESLICE*TECHNOLOGY*FUEL*YEAR :    0 :      {}
    Acc3_AverageAnnualRateOfActivity_constraint_index : Size=1, Index=None, Ordered=True
        Key  : Dimen : Domain                                   : Size : Members
        None :    -- : REGION*TECHNOLOGY*MODE_OF_OPERATION*YEAR :    0 :      {}
    AccumulatedAnnualDemand_index : Size=1, Index=None, Ordered=True
        Key  : Dimen : Domain           : Size : Members
        None :    -- : REGION*FUEL*YEAR :    0 :      {}
    AccumulatedNewCapacity_index : Size=1, Index=None, Ordered=True
        Key  : Dimen : Domain                 : Size : Members
        None :    -- : REGION*TECHNOLOGY*YEAR :    0 :      {}
    AnnualEmissionLimit_index : Size=1, Index=None, Ordered=True
        Key  : Dimen : Domain               : Size : Members
        None :    -- : REGION*EMISSION*YEAR :    0 :      {}
    AnnualExogenousEmission_index : Size=1, Index=None, Ordered=True
        Key  : Dimen : Domain               : Size : Members
        None :    -- : REGION*EMISSION*YEAR :    0 :      {}
    AnnualVariableOperatingCost_index : Size=1, Index=None, Ordered=True
        Key  : Dimen : Domain                 : Size : Members
        None :    -- : REGION*TECHNOLOGY*YEAR :    0 :      {}
    AvailabilityFactor_index : Size=1, Index=None, Ordered=True
        Key  : Dimen : Domain                 : Size : Members
        None :    -- : REGION*TECHNOLOGY*YEAR :    0 :      {}
    CAa1_TotalNewCapacity_constraint_index : Size=1, Index=None, Ordered=True
        Key  : Dimen : Domain                 : Size : Members
        None :    -- : REGION*TECHNOLOGY*YEAR :    0 :      {}
    CAa2_TotalAnnualCapacity_constraint_index : Size=1, Index=None, Ordered=True
        Key  : Dimen : Domain                 : Size : Members
        None :    -- : REGION*TECHNOLOGY*YEAR :    0 :      {}
    CAa4_ConstraintCapacity_constraint_index : Size=1, Index=None, Ordered=True
        Key  : Dimen : Domain                           : Size : Members
        None :    -- : REGION*TIMESLICE*TECHNOLOGY*YEAR :    0 :      {}
    CAa4b_Constraint_Capacity_constraint_index : Size=1, Index=None, Ordered=True
        Key  : Dimen : Domain                           : Size : Members
        None :    -- : REGION*TIMESLICE*TECHNOLOGY*YEAR :    0 :      {}
    CAa5_TotalNewCapacity_constraint_index : Size=1, Index=None, Ordered=True
        Key  : Dimen : Domain                 : Size : Members
        None :    -- : REGION*TECHNOLOGY*YEAR :    0 :      {}
    CAb1_PlannedMaintenance_Negative_constraint_index : Size=1, Index=None, Ordered=True
        Key  : Dimen : Domain                 : Size : Members
        None :    -- : REGION*TECHNOLOGY*YEAR :    0 :      {}
    CAb1_PlannedMaintenance_constraint_index : Size=1, Index=None, Ordered=True
        Key  : Dimen : Domain                 : Size : Members
        None :    -- : REGION*TECHNOLOGY*YEAR :    0 :      {}
    CC1_UndiscountedCapitalInvestment_constraint_index : Size=1, Index=None, Ordered=True
        Key  : Dimen : Domain                 : Size : Members
        None :    -- : REGION*TECHNOLOGY*YEAR :    0 :      {}
    CapacityFactor_index : Size=1, Index=None, Ordered=True
        Key  : Dimen : Domain                           : Size : Members
        None :    -- : REGION*TECHNOLOGY*TIMESLICE*YEAR :    0 :      {}
    CapacityOfOneTechnologyUnit_index : Size=1, Index=None, Ordered=True
        Key  : Dimen : Domain                 : Size : Members
        None :    -- : REGION*TECHNOLOGY*YEAR :    0 :      {}
    CapacityToActivityUnit_index : Size=1, Index=None, Ordered=True
        Key  : Dimen : Domain            : Size : Members
        None :    -- : REGION*TECHNOLOGY :    0 :      {}
    CapitalCostStorage_index : Size=1, Index=None, Ordered=True
        Key  : Dimen : Domain              : Size : Members
        None :    -- : REGION*STORAGE*YEAR :    0 :      {}
    CapitalCost_index : Size=1, Index=None, Ordered=True
        Key  : Dimen : Domain                 : Size : Members
        None :    -- : REGION*TECHNOLOGY*YEAR :    0 :      {}
    CapitalInvestment_index : Size=1, Index=None, Ordered=True
        Key  : Dimen : Domain                 : Size : Members
        None :    -- : REGION*TECHNOLOGY*YEAR :    0 :      {}
    Conversionld_index : Size=1, Index=None, Ordered=True
        Key  : Dimen : Domain            : Size : Members
        None :    -- : TIMESLICE*DAYTYPE :    0 :      {}
    Conversionlh_index : Size=1, Index=None, Ordered=True
        Key  : Dimen : Domain                     : Size : Members
        None :    -- : TIMESLICE*DAILYTIMEBRACKET :    0 :      {}
    Conversionls_index : Size=1, Index=None, Ordered=True
        Key  : Dimen : Domain           : Size : Members
        None :    -- : TIMESLICE*SEASON :    0 :      {}
    DAILYTIMEBRACKET : Size=1, Index=None, Ordered=Insertion
        Key  : Dimen : Domain : Size : Members
        None :    -- :    Any :    0 :      {}
    DAYTYPE : Size=1, Index=None, Ordered=Insertion
        Key  : Dimen : Domain : Size : Members
        None :    -- :    Any :    0 :      {}
    DaySplit_index : Size=1, Index=None, Ordered=True
        Key  : Dimen : Domain                : Size : Members
        None :    -- : DAILYTIMEBRACKET*YEAR :    0 :      {}
    DaysInDayType_index : Size=1, Index=None, Ordered=True
        Key  : Dimen : Domain              : Size : Members
        None :    -- : SEASON*DAYTYPE*YEAR :    0 :      {}
    DemandAnnual_index : Size=1, Index=None, Ordered=True
        Key  : Dimen : Domain           : Size : Members
        None :    -- : REGION*FUEL*YEAR :    0 :      {}
    Demand_constraint_index : Size=1, Index=None, Ordered=True
        Key  : Dimen : Domain           : Size : Members
        None :    -- : REGION*FUEL*YEAR :    0 :      {}
    Demand_index : Size=1, Index=None, Ordered=True
        Key  : Dimen : Domain                     : Size : Members
        None :    -- : REGION*TIMESLICE*FUEL*YEAR :    0 :      {}
    DiscountedSalvageValue_index : Size=1, Index=None, Ordered=True
        Key  : Dimen : Domain                 : Size : Members
        None :    -- : REGION*TECHNOLOGY*YEAR :    0 :      {}
    DiscountedTechnologyEmissionsPenalty_index : Size=1, Index=None, Ordered=True
        Key  : Dimen : Domain                 : Size : Members
        None :    -- : REGION*TECHNOLOGY*YEAR :    0 :      {}
    E5_DiscountedEmissionsPenaltyByTechnology_constraint_index : Size=1, Index=None, Ordered=True
        Key  : Dimen : Domain                 : Size : Members
        None :    -- : REGION*TECHNOLOGY*YEAR :    0 :      {}
    E8_AnnualEmissionsLimit_constraint_index : Size=1, Index=None, Ordered=True
        Key  : Dimen : Domain               : Size : Members
        None :    -- : REGION*EMISSION*YEAR :    0 :      {}
    E9_ModelPeriodEmissionsLimit_constraint_index : Size=1, Index=None, Ordered=True
        Key  : Dimen : Domain          : Size : Members
        None :    -- : REGION*EMISSION :    0 :      {}
    EBa10_EnergyBalanceEachTS4_constraint_index : Size=1, Index=None, Ordered=True
        Key  : Dimen : Domain                            : Size : Members
        None :    -- : REGION*REGION*TIMESLICE*FUEL*YEAR :    0 :      {}
    EBa11_EnergyBalanceEachTS5_constraint_index : Size=1, Index=None, Ordered=True
        Key  : Dimen : Domain                     : Size : Members
        None :    -- : REGION*TIMESLICE*FUEL*YEAR :    0 :      {}
    EBa1_RateOfFuelProduction1_constraint_index : Size=1, Index=None, Ordered=True
        Key  : Dimen : Domain                                                  : Size : Members
        None :    -- : REGION*TIMESLICE*TECHNOLOGY*MODE_OF_OPERATION*YEAR*FUEL :    0 :      {}
    EBa2_RateOfFuelProduction2_constraint_index : Size=1, Index=None, Ordered=True
        Key  : Dimen : Domain                                : Size : Members
        None :    -- : REGION*TECHNOLOGY*FUEL*YEAR*TIMESLICE :    0 :      {}
    EBa3_RateOfFuelProduction3_constraint_index : Size=1, Index=None, Ordered=True
        Key  : Dimen : Domain                     : Size : Members
        None :    -- : REGION*TIMESLICE*FUEL*YEAR :    0 :      {}
    EBa4_RateOfFuelUse1_constraint_index : Size=1, Index=None, Ordered=True
        Key  : Dimen : Domain                                                  : Size : Members
        None :    -- : REGION*TIMESLICE*TECHNOLOGY*MODE_OF_OPERATION*YEAR*FUEL :    0 :      {}
    EBa5_RateOfFuelUse2_constraint_index : Size=1, Index=None, Ordered=True
        Key  : Dimen : Domain                                : Size : Members
        None :    -- : REGION*TECHNOLOGY*FUEL*YEAR*TIMESLICE :    0 :      {}
    EBa6_RateOfFuelUse3_constraint_index : Size=1, Index=None, Ordered=True
        Key  : Dimen : Domain                     : Size : Members
        None :    -- : REGION*TIMESLICE*FUEL*YEAR :    0 :      {}
    EBa7_EnergyBalanceEachTS1_constraint_index : Size=1, Index=None, Ordered=True
        Key  : Dimen : Domain                     : Size : Members
        None :    -- : REGION*TIMESLICE*FUEL*YEAR :    0 :      {}
    EBa8_EnergyBalanceEachTS2_constraint_index : Size=1, Index=None, Ordered=True
        Key  : Dimen : Domain                     : Size : Members
        None :    -- : REGION*TIMESLICE*FUEL*YEAR :    0 :      {}
    EBa9_EnergyBalanceEachTS3_constraint_index : Size=1, Index=None, Ordered=True
        Key  : Dimen : Domain                     : Size : Members
        None :    -- : REGION*TIMESLICE*FUEL*YEAR :    0 :      {}
    EBb1_EnergyBalanceEachYear1_constraint_index : Size=1, Index=None, Ordered=True
        Key  : Dimen : Domain           : Size : Members
        None :    -- : REGION*FUEL*YEAR :    0 :      {}
    EBb2_EnergyBalanceEachYear2_constraint_index : Size=1, Index=None, Ordered=True
        Key  : Dimen : Domain           : Size : Members
        None :    -- : REGION*FUEL*YEAR :    0 :      {}
    EBb3_EnergyBalanceEachYear3_constraint_index : Size=1, Index=None, Ordered=True
        Key  : Dimen : Domain                  : Size : Members
        None :    -- : REGION*REGION*FUEL*YEAR :    0 :      {}
    EBb4_EnergyBalanceEachYear4_constraint_index : Size=1, Index=None, Ordered=True
        Key  : Dimen : Domain           : Size : Members
        None :    -- : REGION*FUEL*YEAR :    0 :      {}
    EMISSION : Size=1, Index=None, Ordered=Insertion
        Key  : Dimen : Domain : Size : Members
        None :    -- :    Any :    0 :      {}
    EQ_SpecifiedDemand_constraint_index : Size=1, Index=None, Ordered=True
        Key  : Dimen : Domain                     : Size : Members
        None :    -- : REGION*TIMESLICE*FUEL*YEAR :    0 :      {}
    EmissionActivityRatio_index : Size=1, Index=None, Ordered=True
        Key  : Dimen : Domain                                            : Size : Members
        None :    -- : REGION*TECHNOLOGY*EMISSION*MODE_OF_OPERATION*YEAR :    0 :      {}
    EmissionsPenalty_index : Size=1, Index=None, Ordered=True
        Key  : Dimen : Domain               : Size : Members
        None :    -- : REGION*EMISSION*YEAR :    0 :      {}
    EnergyBalanceEachTS5_constraint_index : Size=1, Index=None, Ordered=True
        Key  : Dimen : Domain                     : Size : Members
        None :    -- : REGION*TIMESLICE*FUEL*YEAR :    0 :      {}
    EnergyBalanceEachYear4_constraint_index : Size=1, Index=None, Ordered=True
        Key  : Dimen : Domain           : Size : Members
        None :    -- : REGION*FUEL*YEAR :    0 :      {}
    EnergyConstraint_constraint_index : Size=1, Index=None, Ordered=True
        Key  : Dimen : Domain      : Size : Members
        None :    -- : REGION*YEAR :    0 :      {}
    FUEL : Size=1, Index=None, Ordered=Insertion
        Key  : Dimen : Domain : Size : Members
        None :    -- :    Any :    0 :      {}
    FixedCost_index : Size=1, Index=None, Ordered=True
        Key  : Dimen : Domain                 : Size : Members
        None :    -- : REGION*TECHNOLOGY*YEAR :    0 :      {}
    InputActivityRatio_index : Size=1, Index=None, Ordered=True
        Key  : Dimen : Domain                                        : Size : Members
        None :    -- : REGION*TECHNOLOGY*FUEL*MODE_OF_OPERATION*YEAR :    0 :      {}
    MODE_OF_OPERATION : Size=1, Index=None, Ordered=Insertion
        Key  : Dimen : Domain : Size : Members
        None :    -- :    Any :    0 :      {}
    MinStorageCharge_index : Size=1, Index=None, Ordered=True
        Key  : Dimen : Domain              : Size : Members
        None :    -- : REGION*STORAGE*YEAR :    0 :      {}
    ModelPeriodEmissionLimit_index : Size=1, Index=None, Ordered=True
        Key  : Dimen : Domain          : Size : Members
        None :    -- : REGION*EMISSION :    0 :      {}
    ModelPeriodEmissions_index : Size=1, Index=None, Ordered=True
        Key  : Dimen : Domain          : Size : Members
        None :    -- : REGION*EMISSION :    0 :      {}
    ModelPeriodExogenousEmission_index : Size=1, Index=None, Ordered=True
        Key  : Dimen : Domain          : Size : Members
        None :    -- : REGION*EMISSION :    0 :      {}
    NCC1_TotalAnnualMaxNewCapacityConstraint_constraint_index : Size=1, Index=None, Ordered=True
        Key  : Dimen : Domain                 : Size : Members
        None :    -- : REGION*TECHNOLOGY*YEAR :    0 :      {}
    NCC2_TotalAnnualMinNewCapacityConstraint_constraint_index : Size=1, Index=None, Ordered=True
        Key  : Dimen : Domain                 : Size : Members
        None :    -- : REGION*TECHNOLOGY*YEAR :    0 :      {}
    NewCapacity_index : Size=1, Index=None, Ordered=True
        Key  : Dimen : Domain                 : Size : Members
        None :    -- : REGION*TECHNOLOGY*YEAR :    0 :      {}
    NewStorageCapacity_index : Size=1, Index=None, Ordered=True
        Key  : Dimen : Domain              : Size : Members
        None :    -- : REGION*STORAGE*YEAR :    0 :      {}
    NonStorageConstraint_constraint_index : Size=1, Index=None, Ordered=True
        Key  : Dimen : Domain                                             : Size : Members
        None :    -- : REGION*TIMESLICE*TECHNOLOGY*MODE_OF_OPERATION*YEAR :    0 :      {}
    NumberOfNewTechnologyUnits_index : Size=1, Index=None, Ordered=True
        Key  : Dimen : Domain                 : Size : Members
        None :    -- : REGION*TECHNOLOGY*YEAR :    0 :      {}
    OC1_OperatingCostsVariable_constraint_index : Size=1, Index=None, Ordered=True
        Key  : Dimen : Domain                 : Size : Members
        None :    -- : REGION*TECHNOLOGY*YEAR :    0 :      {}
    OperatingCost_index : Size=1, Index=None, Ordered=True
        Key  : Dimen : Domain                 : Size : Members
        None :    -- : REGION*TECHNOLOGY*YEAR :    0 :      {}
    OperationalLifeStorage_index : Size=1, Index=None, Ordered=True
        Key  : Dimen : Domain         : Size : Members
        None :    -- : REGION*STORAGE :    0 :      {}
    OperationalLife_index : Size=1, Index=None, Ordered=True
        Key  : Dimen : Domain            : Size : Members
        None :    -- : REGION*TECHNOLOGY :    0 :      {}
    OutputActivityRatio_index : Size=1, Index=None, Ordered=True
        Key  : Dimen : Domain                                        : Size : Members
        None :    -- : REGION*TECHNOLOGY*FUEL*MODE_OF_OPERATION*YEAR :    0 :      {}
    ProductionAnnual_index : Size=1, Index=None, Ordered=True
        Key  : Dimen : Domain           : Size : Members
        None :    -- : REGION*FUEL*YEAR :    0 :      {}
    ProductionByTechnologyAnnual_index : Size=1, Index=None, Ordered=True
        Key  : Dimen : Domain                      : Size : Members
        None :    -- : REGION*TECHNOLOGY*FUEL*YEAR :    0 :      {}
    ProductionByTechnology_index : Size=1, Index=None, Ordered=True
        Key  : Dimen : Domain                                : Size : Members
        None :    -- : REGION*TIMESLICE*TECHNOLOGY*FUEL*YEAR :    0 :      {}
    Production_index : Size=1, Index=None, Ordered=True
        Key  : Dimen : Domain                     : Size : Members
        None :    -- : REGION*TIMESLICE*FUEL*YEAR :    0 :      {}
    RE1_FuelProductionByTechnologyAnnual_constraint_index : Size=1, Index=None, Ordered=True
        Key  : Dimen : Domain                      : Size : Members
        None :    -- : REGION*TECHNOLOGY*FUEL*YEAR :    0 :      {}
    RE2_TechIncluded_constraint_index : Size=1, Index=None, Ordered=True
        Key  : Dimen : Domain      : Size : Members
        None :    -- : REGION*YEAR :    0 :      {}
    RE3_FuelIncluded_constraint_index : Size=1, Index=None, Ordered=True
        Key  : Dimen : Domain      : Size : Members
        None :    -- : REGION*YEAR :    0 :      {}
    RE4_EnergyConstraint_constraint_index : Size=1, Index=None, Ordered=True
        Key  : Dimen : Domain      : Size : Members
        None :    -- : REGION*YEAR :    0 :      {}
    RE5_FuelUseByTechnologyAnnual_constraint_index : Size=1, Index=None, Ordered=True
        Key  : Dimen : Domain                      : Size : Members
        None :    -- : REGION*TECHNOLOGY*FUEL*YEAR :    0 :      {}
    REGION : Size=1, Index=None, Ordered=Insertion
        Key  : Dimen : Domain : Size : Members
        None :    -- :    Any :    0 :      {}
    REMinProductionTarget_index : Size=1, Index=None, Ordered=True
        Key  : Dimen : Domain      : Size : Members
        None :    -- : REGION*YEAR :    0 :      {}
    RETagFuel_index : Size=1, Index=None, Ordered=True
        Key  : Dimen : Domain           : Size : Members
        None :    -- : REGION*FUEL*YEAR :    0 :      {}
    RETagTechnology_index : Size=1, Index=None, Ordered=True
        Key  : Dimen : Domain                 : Size : Members
        None :    -- : REGION*TECHNOLOGY*YEAR :    0 :      {}
    RETotalProductionOfTargetFuelAnnual_index : Size=1, Index=None, Ordered=True
        Key  : Dimen : Domain      : Size : Members
        None :    -- : REGION*YEAR :    0 :      {}
    RM3_ReserveMargin_Constraint_constraint_index : Size=1, Index=None, Ordered=True
        Key  : Dimen : Domain                : Size : Members
        None :    -- : REGION*TIMESLICE*YEAR :    0 :      {}
    RateOfActivity_index : Size=1, Index=None, Ordered=True
        Key  : Dimen : Domain                                             : Size : Members
        None :    -- : REGION*TIMESLICE*TECHNOLOGY*MODE_OF_OPERATION*YEAR :    0 :      {}
    RateOfDemand_index : Size=1, Index=None, Ordered=True
        Key  : Dimen : Domain                     : Size : Members
        None :    -- : REGION*TIMESLICE*FUEL*YEAR :    0 :      {}
    RateOfProductionByTechnologyByMode_index : Size=1, Index=None, Ordered=True
        Key  : Dimen : Domain                                                  : Size : Members
        None :    -- : REGION*TIMESLICE*TECHNOLOGY*MODE_OF_OPERATION*FUEL*YEAR :    0 :      {}
    RateOfProductionByTechnology_index : Size=1, Index=None, Ordered=True
        Key  : Dimen : Domain                                : Size : Members
        None :    -- : REGION*TIMESLICE*TECHNOLOGY*FUEL*YEAR :    0 :      {}
    RateOfProduction_index : Size=1, Index=None, Ordered=True
        Key  : Dimen : Domain                     : Size : Members
        None :    -- : REGION*TIMESLICE*FUEL*YEAR :    0 :      {}
    RateOfUseByTechnologyByMode_index : Size=1, Index=None, Ordered=True
        Key  : Dimen : Domain                                                  : Size : Members
        None :    -- : REGION*TIMESLICE*TECHNOLOGY*MODE_OF_OPERATION*FUEL*YEAR :    0 :      {}
    RateOfUseByTechnology_index : Size=1, Index=None, Ordered=True
        Key  : Dimen : Domain                                : Size : Members
        None :    -- : REGION*TIMESLICE*TECHNOLOGY*FUEL*YEAR :    0 :      {}
    RateOfUse_index : Size=1, Index=None, Ordered=True
        Key  : Dimen : Domain                     : Size : Members
        None :    -- : REGION*TIMESLICE*FUEL*YEAR :    0 :      {}
    ReserveMarginTagFuel_index : Size=1, Index=None, Ordered=True
        Key  : Dimen : Domain           : Size : Members
        None :    -- : REGION*FUEL*YEAR :    0 :      {}
    ReserveMarginTagTechnology_index : Size=1, Index=None, Ordered=True
        Key  : Dimen : Domain                 : Size : Members
        None :    -- : REGION*TECHNOLOGY*YEAR :    0 :      {}
    ReserveMargin_index : Size=1, Index=None, Ordered=True
        Key  : Dimen : Domain      : Size : Members
        None :    -- : REGION*YEAR :    0 :      {}
    ResidualCapacity_index : Size=1, Index=None, Ordered=True
        Key  : Dimen : Domain                 : Size : Members
        None :    -- : REGION*TECHNOLOGY*YEAR :    0 :      {}
    ResidualStorageCapacity_index : Size=1, Index=None, Ordered=True
        Key  : Dimen : Domain              : Size : Members
        None :    -- : REGION*STORAGE*YEAR :    0 :      {}
    S1_StorageLevelYearStart_constraint_index : Size=1, Index=None, Ordered=True
        Key  : Dimen : Domain              : Size : Members
        None :    -- : REGION*STORAGE*YEAR :    0 :      {}
    S2_StorageLevelTSStart_constraint_index : Size=1, Index=None, Ordered=True
        Key  : Dimen : Domain                        : Size : Members
        None :    -- : REGION*STORAGE*TIMESLICE*YEAR :    0 :      {}
    SC1_LowerLimit_constraint_index : Size=1, Index=None, Ordered=True
        Key  : Dimen : Domain                        : Size : Members
        None :    -- : REGION*STORAGE*TIMESLICE*YEAR :    0 :      {}
    SC1a_LowerLimitEndofModelPeriod_constraint_index : Size=1, Index=None, Ordered=True
        Key  : Dimen : Domain              : Size : Members
        None :    -- : STORAGE*YEAR*REGION :    0 :      {}
    SC2_UpperLimit_constraint_index : Size=1, Index=None, Ordered=True
        Key  : Dimen : Domain                        : Size : Members
        None :    -- : REGION*STORAGE*TIMESLICE*YEAR :    0 :      {}
    SC2a_UpperLimitEndofModelPeriod_Negative_constraint_index : Size=1, Index=None, Ordered=True
        Key  : Dimen : Domain              : Size : Members
        None :    -- : STORAGE*YEAR*REGION :    0 :      {}
    SC2a_UpperLimitEndofModelPeriod_constraint_index : Size=1, Index=None, Ordered=True
        Key  : Dimen : Domain              : Size : Members
        None :    -- : STORAGE*YEAR*REGION :    0 :      {}
    SC7_StorageMaxUpperLimit_constraint_index : Size=1, Index=None, Ordered=True
        Key  : Dimen : Domain              : Size : Members
        None :    -- : STORAGE*YEAR*REGION :    0 :      {}
    SC8_StorageRefilling_constraint_index : Size=1, Index=None, Ordered=True
        Key  : Dimen : Domain         : Size : Members
        None :    -- : STORAGE*REGION :    0 :      {}
    SC9_StopModeLeakage_constraint_index : Size=1, Index=None, Ordered=True
        Key  : Dimen : Domain                                                     : Size : Members
        None :    -- : REGION*TIMESLICE*YEAR*MODE_OF_OPERATION*TECHNOLOGY*STORAGE :    0 :      {}
    SEASON : Size=1, Index=None, Ordered=Insertion
        Key  : Dimen : Domain : Size : Members
        None :    -- :    Any :    0 :      {}
    SI6_SalvageValueStorageAtEndOfPeriod1_constraint_index : Size=1, Index=None, Ordered=True
        Key  : Dimen : Domain              : Size : Members
        None :    -- : REGION*STORAGE*YEAR :    0 :      {}
    SI7_SalvageValueStorageAtEndOfPeriod2_constraint_index : Size=1, Index=None, Ordered=True
        Key  : Dimen : Domain              : Size : Members
        None :    -- : REGION*STORAGE*YEAR :    0 :      {}
    SI8_SalvageValueStorageAtEndOfPeriod3_constraint_index : Size=1, Index=None, Ordered=True
        Key  : Dimen : Domain              : Size : Members
        None :    -- : REGION*STORAGE*YEAR :    0 :      {}
    SM1_SimultaneityPerTechnology_constraint_index : Size=1, Index=None, Ordered=True
        Key  : Dimen : Domain                                : Size : Members
        None :    -- : REGION*TECHNOLOGY*TIMESLICE*FUEL*YEAR :    0 :      {}
    STORAGE : Size=1, Index=None, Ordered=Insertion
        Key  : Dimen : Domain : Size : Members
        None :    -- :    Any :    0 :      {}
    SV1_SalvageValueAtEndOfPeriod1_constraint_index : Size=1, Index=None, Ordered=True
        Key  : Dimen : Domain                 : Size : Members
        None :    -- : REGION*TECHNOLOGY*YEAR :    0 :      {}
    SV2_SalvageValueAtEndOfPeriod2_constraint_index : Size=1, Index=None, Ordered=True
        Key  : Dimen : Domain                 : Size : Members
        None :    -- : REGION*TECHNOLOGY*YEAR :    0 :      {}
    SV3_SalvageValueAtEndOfPeriod3_constraint_index : Size=1, Index=None, Ordered=True
        Key  : Dimen : Domain                 : Size : Members
        None :    -- : REGION*TECHNOLOGY*YEAR :    0 :      {}
    SV4_SalvageValueDiscountedToStartYear_constraint_index : Size=1, Index=None, Ordered=True
        Key  : Dimen : Domain                 : Size : Members
        None :    -- : REGION*TECHNOLOGY*YEAR :    0 :      {}
    SalvageValueStorage_index : Size=1, Index=None, Ordered=True
        Key  : Dimen : Domain              : Size : Members
        None :    -- : REGION*STORAGE*YEAR :    0 :      {}
    SalvageValue_index : Size=1, Index=None, Ordered=True
        Key  : Dimen : Domain                 : Size : Members
        None :    -- : REGION*TECHNOLOGY*YEAR :    0 :      {}
    SimultaneityTagTechnology_index : Size=1, Index=None, Ordered=True
        Key  : Dimen : Domain                      : Size : Members
        None :    -- : REGION*TECHNOLOGY*FUEL*YEAR :    0 :      {}
    SpecifiedAnnualDemand_index : Size=1, Index=None, Ordered=True
        Key  : Dimen : Domain           : Size : Members
        None :    -- : REGION*FUEL*YEAR :    0 :      {}
    SpecifiedDemandProfile_index : Size=1, Index=None, Ordered=True
        Key  : Dimen : Domain                     : Size : Members
        None :    -- : REGION*FUEL*TIMESLICE*YEAR :    0 :      {}
    StorageLevelDayTypeFinish_index : Size=1, Index=None, Ordered=True
        Key  : Dimen : Domain                             : Size : Members
        None :    -- : REGION*STORAGE*SEASON*DAYTYPE*YEAR :    0 :      {}
    StorageLevelDayTypeStart_index : Size=1, Index=None, Ordered=True
        Key  : Dimen : Domain                             : Size : Members
        None :    -- : REGION*STORAGE*SEASON*DAYTYPE*YEAR :    0 :      {}
    StorageLevelSeasonStart_index : Size=1, Index=None, Ordered=True
        Key  : Dimen : Domain                     : Size : Members
        None :    -- : REGION*STORAGE*SEASON*YEAR :    0 :      {}
    StorageLevelStart_index : Size=1, Index=None, Ordered=True
        Key  : Dimen : Domain         : Size : Members
        None :    -- : REGION*STORAGE :    0 :      {}
    StorageLevelTSStart_index : Size=1, Index=None, Ordered=True
        Key  : Dimen : Domain                        : Size : Members
        None :    -- : REGION*STORAGE*TIMESLICE*YEAR :    0 :      {}
    StorageLevelYearFinish_index : Size=1, Index=None, Ordered=True
        Key  : Dimen : Domain              : Size : Members
        None :    -- : REGION*STORAGE*YEAR :    0 :      {}
    StorageLevelYearStart_index : Size=1, Index=None, Ordered=True
        Key  : Dimen : Domain              : Size : Members
        None :    -- : REGION*STORAGE*YEAR :    0 :      {}
    StorageMaxCapacity_index : Size=1, Index=None, Ordered=True
        Key  : Dimen : Domain              : Size : Members
        None :    -- : REGION*STORAGE*YEAR :    0 :      {}
    StorageMaxChargeRate_index : Size=1, Index=None, Ordered=True
        Key  : Dimen : Domain         : Size : Members
        None :    -- : REGION*STORAGE :    0 :      {}
    StorageMaxDischargeRate_index : Size=1, Index=None, Ordered=True
        Key  : Dimen : Domain         : Size : Members
        None :    -- : REGION*STORAGE :    0 :      {}
    StoredEnergyValue_index : Size=1, Index=None, Ordered=True
        Key  : Dimen : Domain         : Size : Members
        None :    -- : REGION*STORAGE :    0 :      {}
    TAC1_TotalModelHorizonTechnologyActivity_constraint_index : Size=1, Index=None, Ordered=True
        Key  : Dimen : Domain            : Size : Members
        None :    -- : REGION*TECHNOLOGY :    0 :      {}
    TAC2_TotalModelHorizonTechnologyActivityUpperLimit_constraint_index : Size=1, Index=None, Ordered=True
        Key  : Dimen : Domain            : Size : Members
        None :    -- : REGION*TECHNOLOGY :    0 :      {}
    TAC3_TotalModelHorizonTechnologyActivityLowerLimit_constraint_index : Size=1, Index=None, Ordered=True
        Key  : Dimen : Domain            : Size : Members
        None :    -- : REGION*TECHNOLOGY :    0 :      {}
    TCC1_TotalAnnualMaxCapacityConstraint_constraint_index : Size=1, Index=None, Ordered=True
        Key  : Dimen : Domain                 : Size : Members
        None :    -- : REGION*TECHNOLOGY*YEAR :    0 :      {}
    TCC2_TotalAnnualMinCapacityConstraint_constraint_index : Size=1, Index=None, Ordered=True
        Key  : Dimen : Domain                 : Size : Members
        None :    -- : REGION*TECHNOLOGY*YEAR :    0 :      {}
    TECHNOLOGY : Size=1, Index=None, Ordered=Insertion
        Key  : Dimen : Domain : Size : Members
        None :    -- :    Any :    0 :      {}
    TIMESLICE : Size=1, Index=None, Ordered=Insertion
        Key  : Dimen : Domain : Size : Members
        None :    -- :    Any :    0 :      {}
    TechWithCapacityNeededToMeetPeakTS_index : Size=1, Index=None, Ordered=True
        Key  : Dimen : Domain            : Size : Members
        None :    -- : REGION*TECHNOLOGY :    0 :      {}
    TechnologyStorage_index : Size=1, Index=None, Ordered=True
        Key  : Dimen : Domain                                      : Size : Members
        None :    -- : REGION*TECHNOLOGY*STORAGE*MODE_OF_OPERATION :    0 :      {}
    TotalAnnualMaxCapacityInvestment_index : Size=1, Index=None, Ordered=True
        Key  : Dimen : Domain                 : Size : Members
        None :    -- : REGION*TECHNOLOGY*YEAR :    0 :      {}
    TotalAnnualMaxCapacity_index : Size=1, Index=None, Ordered=True
        Key  : Dimen : Domain                 : Size : Members
        None :    -- : REGION*TECHNOLOGY*YEAR :    0 :      {}
    TotalAnnualMinCapacityInvestment_index : Size=1, Index=None, Ordered=True
        Key  : Dimen : Domain                 : Size : Members
        None :    -- : REGION*TECHNOLOGY*YEAR :    0 :      {}
    TotalAnnualMinCapacity_index : Size=1, Index=None, Ordered=True
        Key  : Dimen : Domain                 : Size : Members
        None :    -- : REGION*TECHNOLOGY*YEAR :    0 :      {}
    TotalAnnualTechnologyActivityByMode_index : Size=1, Index=None, Ordered=True
        Key  : Dimen : Domain                                   : Size : Members
        None :    -- : REGION*TECHNOLOGY*MODE_OF_OPERATION*YEAR :    0 :      {}
    TotalCapacityAnnual_index : Size=1, Index=None, Ordered=True
        Key  : Dimen : Domain                 : Size : Members
        None :    -- : REGION*TECHNOLOGY*YEAR :    0 :      {}
    TotalREProductionAnnual_index : Size=1, Index=None, Ordered=True
        Key  : Dimen : Domain      : Size : Members
        None :    -- : REGION*YEAR :    0 :      {}
    TotalTechnologyAnnualActivityLowerLimit_index : Size=1, Index=None, Ordered=True
        Key  : Dimen : Domain                 : Size : Members
        None :    -- : REGION*TECHNOLOGY*YEAR :    0 :      {}
    TotalTechnologyAnnualActivityUpperLimit_index : Size=1, Index=None, Ordered=True
        Key  : Dimen : Domain                 : Size : Members
        None :    -- : REGION*TECHNOLOGY*YEAR :    0 :      {}
    TotalTechnologyAnnualActivity_index : Size=1, Index=None, Ordered=True
        Key  : Dimen : Domain                 : Size : Members
        None :    -- : REGION*TECHNOLOGY*YEAR :    0 :      {}
    TotalTechnologyModelPeriodActivityLowerLimit_index : Size=1, Index=None, Ordered=True
        Key  : Dimen : Domain            : Size : Members
        None :    -- : REGION*TECHNOLOGY :    0 :      {}
    TotalTechnologyModelPeriodActivityUpperLimit_index : Size=1, Index=None, Ordered=True
        Key  : Dimen : Domain            : Size : Members
        None :    -- : REGION*TECHNOLOGY :    0 :      {}
    TotalTechnologyModelPeriodActivity_index : Size=1, Index=None, Ordered=True
        Key  : Dimen : Domain            : Size : Members
        None :    -- : REGION*TECHNOLOGY :    0 :      {}
    TradeAnnual_index : Size=1, Index=None, Ordered=True
        Key  : Dimen : Domain                  : Size : Members
        None :    -- : REGION*REGION*FUEL*YEAR :    0 :      {}
    TradeRoute_index : Size=1, Index=None, Ordered=True
        Key  : Dimen : Domain                  : Size : Members
        None :    -- : REGION*REGION*FUEL*YEAR :    0 :      {}
    Trade_index : Size=1, Index=None, Ordered=True
        Key  : Dimen : Domain                            : Size : Members
        None :    -- : REGION*REGION*TIMESLICE*FUEL*YEAR :    0 :      {}
    UseAnnual_index : Size=1, Index=None, Ordered=True
        Key  : Dimen : Domain           : Size : Members
        None :    -- : REGION*FUEL*YEAR :    0 :      {}
    UseByTechnologyAnnual_index : Size=1, Index=None, Ordered=True
        Key  : Dimen : Domain                      : Size : Members
        None :    -- : REGION*TECHNOLOGY*FUEL*YEAR :    0 :      {}
    UseByTechnology_index : Size=1, Index=None, Ordered=True
        Key  : Dimen : Domain                                : Size : Members
        None :    -- : REGION*TIMESLICE*TECHNOLOGY*FUEL*YEAR :    0 :      {}
    Use_index : Size=1, Index=None, Ordered=True
        Key  : Dimen : Domain                     : Size : Members
        None :    -- : REGION*TIMESLICE*FUEL*YEAR :    0 :      {}
    VariableCost_index : Size=1, Index=None, Ordered=True
        Key  : Dimen : Domain                                   : Size : Members
        None :    -- : REGION*TECHNOLOGY*MODE_OF_OPERATION*YEAR :    0 :      {}
    VariableOperatingCost_index : Size=1, Index=None, Ordered=True
        Key  : Dimen : Domain                           : Size : Members
        None :    -- : REGION*TECHNOLOGY*TIMESLICE*YEAR :    0 :      {}
    YEAR : Size=1, Index=None, Ordered=Insertion
        Key  : Dimen : Domain : Size : Members
        None :    -- :    Any :    0 :      {}
    YearSplit_index : Size=1, Index=None, Ordered=True
        Key  : Dimen : Domain         : Size : Members
        None :    -- : TIMESLICE*YEAR :    0 :      {}

54 Param Declarations
    AccumulatedAnnualDemand : Size=0, Index=AccumulatedAnnualDemand_index, Domain=Any, Default=0, Mutable=False
        Key : Value
    AnnualEmissionLimit : Size=0, Index=AnnualEmissionLimit_index, Domain=Any, Default=99999, Mutable=False
        Key : Value
    AnnualExogenousEmission : Size=0, Index=AnnualExogenousEmission_index, Domain=Any, Default=0, Mutable=False
        Key : Value
    AvailabilityFactor : Size=0, Index=AvailabilityFactor_index, Domain=Any, Default=1, Mutable=False
        Key : Value
    CapacityFactor : Size=0, Index=CapacityFactor_index, Domain=Any, Default=1, Mutable=False
        Key : Value
    CapacityOfOneTechnologyUnit : Size=0, Index=CapacityOfOneTechnologyUnit_index, Domain=Any, Default=0, Mutable=False
        Key : Value
    CapacityToActivityUnit : Size=0, Index=CapacityToActivityUnit_index, Domain=Any, Default=8760, Mutable=False
        Key : Value
    CapitalCost : Size=0, Index=CapitalCost_index, Domain=Any, Default=0, Mutable=False
        Key : Value
    CapitalCostStorage : Size=0, Index=CapitalCostStorage_index, Domain=Any, Default=9999, Mutable=False
        Key : Value
    Conversionld : Size=0, Index=Conversionld_index, Domain=Any, Default=0, Mutable=False
        Key : Value
    Conversionlh : Size=0, Index=Conversionlh_index, Domain=Any, Default=0, Mutable=False
        Key : Value
    Conversionls : Size=0, Index=Conversionls_index, Domain=Any, Default=1, Mutable=False
        Key : Value
    DaySplit : Size=0, Index=DaySplit_index, Domain=Any, Default=0.000114155, Mutable=False
        Key : Value
    DaysInDayType : Size=0, Index=DaysInDayType_index, Domain=Any, Default=1, Mutable=False
        Key : Value
    DepreciationMethod : Size=0, Index=REGION, Domain=Any, Default=1, Mutable=False
        Key : Value
    DiscountRate : Size=0, Index=REGION, Domain=Any, Default=0.06, Mutable=False
        Key : Value
    EmissionActivityRatio : Size=0, Index=EmissionActivityRatio_index, Domain=Any, Default=0, Mutable=False
        Key : Value
    EmissionsPenalty : Size=0, Index=EmissionsPenalty_index, Domain=Any, Default=0, Mutable=False
        Key : Value
    FixedCost : Size=0, Index=FixedCost_index, Domain=Any, Default=0, Mutable=False
        Key : Value
    InputActivityRatio : Size=0, Index=InputActivityRatio_index, Domain=Any, Default=0, Mutable=False
        Key : Value
    MinStorageCharge : Size=0, Index=MinStorageCharge_index, Domain=Any, Default=0, Mutable=False
        Key : Value
    ModelPeriodEmissionLimit : Size=0, Index=ModelPeriodEmissionLimit_index, Domain=Any, Default=99999, Mutable=False
        Key : Value
    ModelPeriodExogenousEmission : Size=0, Index=ModelPeriodExogenousEmission_index, Domain=Any, Default=0, Mutable=False
        Key : Value
    OperationalLife : Size=0, Index=OperationalLife_index, Domain=Any, Default=80, Mutable=False
        Key : Value
    OperationalLifeStorage : Size=0, Index=OperationalLifeStorage_index, Domain=Any, Default=1, Mutable=False
        Key : Value
    OutputActivityRatio : Size=0, Index=OutputActivityRatio_index, Domain=Any, Default=0, Mutable=False
        Key : Value
    REMinProductionTarget : Size=0, Index=REMinProductionTarget_index, Domain=Any, Default=0, Mutable=False
        Key : Value
    RETagFuel : Size=0, Index=RETagFuel_index, Domain=Any, Default=0, Mutable=False
        Key : Value
    RETagTechnology : Size=0, Index=RETagTechnology_index, Domain=Any, Default=0, Mutable=False
        Key : Value
    ReserveMargin : Size=0, Index=ReserveMargin_index, Domain=Any, Default=0, Mutable=False
        Key : Value
    ReserveMarginTagFuel : Size=0, Index=ReserveMarginTagFuel_index, Domain=Any, Default=0, Mutable=False
        Key : Value
    ReserveMarginTagTechnology : Size=0, Index=ReserveMarginTagTechnology_index, Domain=Any, Default=0, Mutable=False
        Key : Value
    ResidualCapacity : Size=0, Index=ResidualCapacity_index, Domain=Any, Default=0, Mutable=False
        Key : Value
    ResidualStorageCapacity : Size=0, Index=ResidualStorageCapacity_index, Domain=Any, Default=0, Mutable=False
        Key : Value
    SimultaneityTagTechnology : Size=0, Index=SimultaneityTagTechnology_index, Domain=Any, Default=0, Mutable=False
        Key : Value
    SpecifiedAnnualDemand : Size=0, Index=SpecifiedAnnualDemand_index, Domain=Any, Default=0, Mutable=False
        Key : Value
    SpecifiedDemandProfile : Size=0, Index=SpecifiedDemandProfile_index, Domain=Any, Default=0, Mutable=False
        Key : Value
    StorageMaxCapacity : Size=0, Index=StorageMaxCapacity_index, Domain=Any, Default=0, Mutable=False
        Key : Value
    StorageMaxChargeRate : Size=0, Index=StorageMaxChargeRate_index, Domain=Any, Default=9999, Mutable=False
        Key : Value
    StorageMaxDischargeRate : Size=0, Index=StorageMaxDischargeRate_index, Domain=Any, Default=9999, Mutable=False
        Key : Value
    StoredEnergyValue : Size=0, Index=StoredEnergyValue_index, Domain=Any, Default=0, Mutable=False
        Key : Value
    TechWithCapacityNeededToMeetPeakTS : Size=0, Index=TechWithCapacityNeededToMeetPeakTS_index, Domain=Any, Default=1, Mutable=False
        Key : Value
    TechnologyStorage : Size=0, Index=TechnologyStorage_index, Domain=Any, Default=0, Mutable=False
        Key : Value
    TotalAnnualMaxCapacity : Size=0, Index=TotalAnnualMaxCapacity_index, Domain=Any, Default=9999, Mutable=False
        Key : Value
    TotalAnnualMaxCapacityInvestment : Size=0, Index=TotalAnnualMaxCapacityInvestment_index, Domain=Any, Default=99999, Mutable=False
        Key : Value
    TotalAnnualMinCapacity : Size=0, Index=TotalAnnualMinCapacity_index, Domain=Any, Default=0, Mutable=False
        Key : Value
    TotalAnnualMinCapacityInvestment : Size=0, Index=TotalAnnualMinCapacityInvestment_index, Domain=Any, Default=0, Mutable=False
        Key : Value
    TotalTechnologyAnnualActivityLowerLimit : Size=0, Index=TotalTechnologyAnnualActivityLowerLimit_index, Domain=Any, Default=0, Mutable=False
        Key : Value
    TotalTechnologyAnnualActivityUpperLimit : Size=0, Index=TotalTechnologyAnnualActivityUpperLimit_index, Domain=Any, Default=9999999, Mutable=False
        Key : Value
    TotalTechnologyModelPeriodActivityLowerLimit : Size=0, Index=TotalTechnologyModelPeriodActivityLowerLimit_index, Domain=Any, Default=0, Mutable=False
        Key : Value
    TotalTechnologyModelPeriodActivityUpperLimit : Size=0, Index=TotalTechnologyModelPeriodActivityUpperLimit_index, Domain=Any, Default=9999999, Mutable=False
        Key : Value
    TradeRoute : Size=0, Index=TradeRoute_index, Domain=Any, Default=0, Mutable=False
        Key : Value
    VariableCost : Size=0, Index=VariableCost_index, Domain=Any, Default=0.0001, Mutable=False
        Key : Value
    YearSplit : Size=0, Index=YearSplit_index, Domain=Any, Default=0.000114155, Mutable=False
        Key : Value

46 Var Declarations
    AccumulatedNewCapacity : Size=0, Index=AccumulatedNewCapacity_index
        Key : Lower : Value : Upper : Fixed : Stale : Domain
    AnnualVariableOperatingCost : Size=0, Index=AnnualVariableOperatingCost_index
        Key : Lower : Value : Upper : Fixed : Stale : Domain
    CapitalInvestment : Size=0, Index=CapitalInvestment_index
        Key : Lower : Value : Upper : Fixed : Stale : Domain
    Demand : Size=0, Index=Demand_index
        Key : Lower : Value : Upper : Fixed : Stale : Domain
    DemandAnnual : Size=0, Index=DemandAnnual_index
        Key : Lower : Value : Upper : Fixed : Stale : Domain
    DiscountedSalvageValue : Size=0, Index=DiscountedSalvageValue_index
        Key : Lower : Value : Upper : Fixed : Stale : Domain
    DiscountedTechnologyEmissionsPenalty : Size=0, Index=DiscountedTechnologyEmissionsPenalty_index
        Key : Lower : Value : Upper : Fixed : Stale : Domain
    ModelPeriodEmissions : Size=0, Index=ModelPeriodEmissions_index
        Key : Lower : Value : Upper : Fixed : Stale : Domain
    NewCapacity : Size=0, Index=NewCapacity_index
        Key : Lower : Value : Upper : Fixed : Stale : Domain
    NewStorageCapacity : Size=0, Index=NewStorageCapacity_index
        Key : Lower : Value : Upper : Fixed : Stale : Domain
    NumberOfNewTechnologyUnits : Size=0, Index=NumberOfNewTechnologyUnits_index
        Key : Lower : Value : Upper : Fixed : Stale : Domain
    OperatingCost : Size=0, Index=OperatingCost_index
        Key : Lower : Value : Upper : Fixed : Stale : Domain
    Production : Size=0, Index=Production_index
        Key : Lower : Value : Upper : Fixed : Stale : Domain
    ProductionAnnual : Size=0, Index=ProductionAnnual_index
        Key : Lower : Value : Upper : Fixed : Stale : Domain
    ProductionByTechnology : Size=0, Index=ProductionByTechnology_index
        Key : Lower : Value : Upper : Fixed : Stale : Domain
    ProductionByTechnologyAnnual : Size=0, Index=ProductionByTechnologyAnnual_index
        Key : Lower : Value : Upper : Fixed : Stale : Domain
    RETotalProductionOfTargetFuelAnnual : Size=0, Index=RETotalProductionOfTargetFuelAnnual_index
        Key : Lower : Value : Upper : Fixed : Stale : Domain
    RateOfActivity : Size=0, Index=RateOfActivity_index
        Key : Lower : Value : Upper : Fixed : Stale : Domain
    RateOfDemand : Size=0, Index=RateOfDemand_index
        Key : Lower : Value : Upper : Fixed : Stale : Domain
    RateOfProduction : Size=0, Index=RateOfProduction_index
        Key : Lower : Value : Upper : Fixed : Stale : Domain
    RateOfProductionByTechnology : Size=0, Index=RateOfProductionByTechnology_index
        Key : Lower : Value : Upper : Fixed : Stale : Domain
    RateOfProductionByTechnologyByMode : Size=0, Index=RateOfProductionByTechnologyByMode_index
        Key : Lower : Value : Upper : Fixed : Stale : Domain
    RateOfUse : Size=0, Index=RateOfUse_index
        Key : Lower : Value : Upper : Fixed : Stale : Domain
    RateOfUseByTechnology : Size=0, Index=RateOfUseByTechnology_index
        Key : Lower : Value : Upper : Fixed : Stale : Domain
    RateOfUseByTechnologyByMode : Size=0, Index=RateOfUseByTechnologyByMode_index
        Key : Lower : Value : Upper : Fixed : Stale : Domain
    SalvageValue : Size=0, Index=SalvageValue_index
        Key : Lower : Value : Upper : Fixed : Stale : Domain
    SalvageValueStorage : Size=0, Index=SalvageValueStorage_index
        Key : Lower : Value : Upper : Fixed : Stale : Domain
    StorageLevelDayTypeFinish : Size=0, Index=StorageLevelDayTypeFinish_index
        Key : Lower : Value : Upper : Fixed : Stale : Domain
    StorageLevelDayTypeStart : Size=0, Index=StorageLevelDayTypeStart_index
        Key : Lower : Value : Upper : Fixed : Stale : Domain
    StorageLevelSeasonStart : Size=0, Index=StorageLevelSeasonStart_index
        Key : Lower : Value : Upper : Fixed : Stale : Domain
    StorageLevelStart : Size=0, Index=StorageLevelStart_index
        Key : Lower : Value : Upper : Fixed : Stale : Domain
    StorageLevelTSStart : Size=0, Index=StorageLevelTSStart_index
        Key : Lower : Value : Upper : Fixed : Stale : Domain
    StorageLevelYearFinish : Size=0, Index=StorageLevelYearFinish_index
        Key : Lower : Value : Upper : Fixed : Stale : Domain
    StorageLevelYearStart : Size=0, Index=StorageLevelYearStart_index
        Key : Lower : Value : Upper : Fixed : Stale : Domain
    TotalAnnualTechnologyActivityByMode : Size=0, Index=TotalAnnualTechnologyActivityByMode_index
        Key : Lower : Value : Upper : Fixed : Stale : Domain
    TotalCapacityAnnual : Size=0, Index=TotalCapacityAnnual_index
        Key : Lower : Value : Upper : Fixed : Stale : Domain
    TotalREProductionAnnual : Size=0, Index=TotalREProductionAnnual_index
        Key : Lower : Value : Upper : Fixed : Stale : Domain
    TotalTechnologyAnnualActivity : Size=0, Index=TotalTechnologyAnnualActivity_index
        Key : Lower : Value : Upper : Fixed : Stale : Domain
    TotalTechnologyModelPeriodActivity : Size=0, Index=TotalTechnologyModelPeriodActivity_index
        Key : Lower : Value : Upper : Fixed : Stale : Domain
    Trade : Size=0, Index=Trade_index
        Key : Lower : Value : Upper : Fixed : Stale : Domain
    TradeAnnual : Size=0, Index=TradeAnnual_index
        Key : Lower : Value : Upper : Fixed : Stale : Domain
    Use : Size=0, Index=Use_index
        Key : Lower : Value : Upper : Fixed : Stale : Domain
    UseAnnual : Size=0, Index=UseAnnual_index
        Key : Lower : Value : Upper : Fixed : Stale : Domain
    UseByTechnology : Size=0, Index=UseByTechnology_index
        Key : Lower : Value : Upper : Fixed : Stale : Domain
    UseByTechnologyAnnual : Size=0, Index=UseByTechnologyAnnual_index
        Key : Lower : Value : Upper : Fixed : Stale : Domain
    VariableOperatingCost : Size=0, Index=VariableOperatingCost_index
        Key : Lower : Value : Upper : Fixed : Stale : Domain

1 Objective Declarations
    OBJ : Size=1, Index=None, Active=True
        Key  : Active : Sense    : Expression
        None :   True : minimize :        0.0

69 Constraint Declarations
    AAC2_TotalAnnualTechnologyActivityUpperLimit_constraint : Size=0, Index=AAC2_TotalAnnualTechnologyActivityUpperLimit_constraint_index, Active=True
        Key : Lower : Body : Upper : Active
    AAC3_TotalAnnualTechnologyActivityLowerLimit_constraint : Size=0, Index=AAC3_TotalAnnualTechnologyActivityLowerLimit_constraint_index, Active=True
        Key : Lower : Body : Upper : Active
    Acc1_FuelProductionByTechnology_constraint : Size=0, Index=Acc1_FuelProductionByTechnology_constraint_index, Active=True
        Key : Lower : Body : Upper : Active
    Acc2_FuelUseByTechnology_constraint : Size=0, Index=Acc2_FuelUseByTechnology_constraint_index, Active=True
        Key : Lower : Body : Upper : Active
    Acc3_AverageAnnualRateOfActivity_constraint : Size=0, Index=Acc3_AverageAnnualRateOfActivity_constraint_index, Active=True
        Key : Lower : Body : Upper : Active
    CAa1_TotalNewCapacity_constraint : Size=0, Index=CAa1_TotalNewCapacity_constraint_index, Active=True
        Key : Lower : Body : Upper : Active
    CAa2_TotalAnnualCapacity_constraint : Size=0, Index=CAa2_TotalAnnualCapacity_constraint_index, Active=True
        Key : Lower : Body : Upper : Active
    CAa4_ConstraintCapacity_constraint : Size=0, Index=CAa4_ConstraintCapacity_constraint_index, Active=True
        Key : Lower : Body : Upper : Active
    CAa4b_Constraint_Capacity_constraint : Size=0, Index=CAa4b_Constraint_Capacity_constraint_index, Active=True
        Key : Lower : Body : Upper : Active
    CAa5_TotalNewCapacity_constraint : Size=0, Index=CAa5_TotalNewCapacity_constraint_index, Active=True
        Key : Lower : Body : Upper : Active
    CAb1_PlannedMaintenance_Negative_constraint : Size=0, Index=CAb1_PlannedMaintenance_Negative_constraint_index, Active=True
        Key : Lower : Body : Upper : Active
    CAb1_PlannedMaintenance_constraint : Size=0, Index=CAb1_PlannedMaintenance_constraint_index, Active=True
        Key : Lower : Body : Upper : Active
    CC1_UndiscountedCapitalInvestment_constraint : Size=0, Index=CC1_UndiscountedCapitalInvestment_constraint_index, Active=True
        Key : Lower : Body : Upper : Active
    Demand_constraint : Size=0, Index=Demand_constraint_index, Active=True
        Key : Lower : Body : Upper : Active
    E5_DiscountedEmissionsPenaltyByTechnology_constraint : Size=0, Index=E5_DiscountedEmissionsPenaltyByTechnology_constraint_index, Active=True
        Key : Lower : Body : Upper : Active
    E8_AnnualEmissionsLimit_constraint : Size=0, Index=E8_AnnualEmissionsLimit_constraint_index, Active=True
        Key : Lower : Body : Upper : Active
    E9_ModelPeriodEmissionsLimit_constraint : Size=0, Index=E9_ModelPeriodEmissionsLimit_constraint_index, Active=True
        Key : Lower : Body : Upper : Active
    EBa10_EnergyBalanceEachTS4_constraint : Size=0, Index=EBa10_EnergyBalanceEachTS4_constraint_index, Active=True
        Key : Lower : Body : Upper : Active
    EBa11_EnergyBalanceEachTS5_constraint : Size=0, Index=EBa11_EnergyBalanceEachTS5_constraint_index, Active=True
        Key : Lower : Body : Upper : Active
    EBa1_RateOfFuelProduction1_constraint : Size=0, Index=EBa1_RateOfFuelProduction1_constraint_index, Active=True
        Key : Lower : Body : Upper : Active
    EBa2_RateOfFuelProduction2_constraint : Size=0, Index=EBa2_RateOfFuelProduction2_constraint_index, Active=True
        Key : Lower : Body : Upper : Active
    EBa3_RateOfFuelProduction3_constraint : Size=0, Index=EBa3_RateOfFuelProduction3_constraint_index, Active=True
        Key : Lower : Body : Upper : Active
    EBa4_RateOfFuelUse1_constraint : Size=0, Index=EBa4_RateOfFuelUse1_constraint_index, Active=True
        Key : Lower : Body : Upper : Active
    EBa5_RateOfFuelUse2_constraint : Size=0, Index=EBa5_RateOfFuelUse2_constraint_index, Active=True
        Key : Lower : Body : Upper : Active
    EBa6_RateOfFuelUse3_constraint : Size=0, Index=EBa6_RateOfFuelUse3_constraint_index, Active=True
        Key : Lower : Body : Upper : Active
    EBa7_EnergyBalanceEachTS1_constraint : Size=0, Index=EBa7_EnergyBalanceEachTS1_constraint_index, Active=True
        Key : Lower : Body : Upper : Active
    EBa8_EnergyBalanceEachTS2_constraint : Size=0, Index=EBa8_EnergyBalanceEachTS2_constraint_index, Active=True
        Key : Lower : Body : Upper : Active
    EBa9_EnergyBalanceEachTS3_constraint : Size=0, Index=EBa9_EnergyBalanceEachTS3_constraint_index, Active=True
        Key : Lower : Body : Upper : Active
    EBb1_EnergyBalanceEachYear1_constraint : Size=0, Index=EBb1_EnergyBalanceEachYear1_constraint_index, Active=True
        Key : Lower : Body : Upper : Active
    EBb2_EnergyBalanceEachYear2_constraint : Size=0, Index=EBb2_EnergyBalanceEachYear2_constraint_index, Active=True
        Key : Lower : Body : Upper : Active
    EBb3_EnergyBalanceEachYear3_constraint : Size=0, Index=EBb3_EnergyBalanceEachYear3_constraint_index, Active=True
        Key : Lower : Body : Upper : Active
    EBb4_EnergyBalanceEachYear4_constraint : Size=0, Index=EBb4_EnergyBalanceEachYear4_constraint_index, Active=True
        Key : Lower : Body : Upper : Active
    EQ_SpecifiedDemand_constraint : Size=0, Index=EQ_SpecifiedDemand_constraint_index, Active=True
        Key : Lower : Body : Upper : Active
    EnergyBalanceEachTS5_constraint : Size=0, Index=EnergyBalanceEachTS5_constraint_index, Active=True
        Key : Lower : Body : Upper : Active
    EnergyBalanceEachYear4_constraint : Size=0, Index=EnergyBalanceEachYear4_constraint_index, Active=True
        Key : Lower : Body : Upper : Active
    EnergyConstraint_constraint : Size=0, Index=EnergyConstraint_constraint_index, Active=True
        Key : Lower : Body : Upper : Active
    NCC1_TotalAnnualMaxNewCapacityConstraint_constraint : Size=0, Index=NCC1_TotalAnnualMaxNewCapacityConstraint_constraint_index, Active=True
        Key : Lower : Body : Upper : Active
    NCC2_TotalAnnualMinNewCapacityConstraint_constraint : Size=0, Index=NCC2_TotalAnnualMinNewCapacityConstraint_constraint_index, Active=True
        Key : Lower : Body : Upper : Active
    NonStorageConstraint_constraint : Size=0, Index=NonStorageConstraint_constraint_index, Active=True
        Key : Lower : Body : Upper : Active
    OC1_OperatingCostsVariable_constraint : Size=0, Index=OC1_OperatingCostsVariable_constraint_index, Active=True
        Key : Lower : Body : Upper : Active
    RE1_FuelProductionByTechnologyAnnual_constraint : Size=0, Index=RE1_FuelProductionByTechnologyAnnual_constraint_index, Active=True
        Key : Lower : Body : Upper : Active
    RE2_TechIncluded_constraint : Size=0, Index=RE2_TechIncluded_constraint_index, Active=True
        Key : Lower : Body : Upper : Active
    RE3_FuelIncluded_constraint : Size=0, Index=RE3_FuelIncluded_constraint_index, Active=True
        Key : Lower : Body : Upper : Active
    RE4_EnergyConstraint_constraint : Size=0, Index=RE4_EnergyConstraint_constraint_index, Active=True
        Key : Lower : Body : Upper : Active
    RE5_FuelUseByTechnologyAnnual_constraint : Size=0, Index=RE5_FuelUseByTechnologyAnnual_constraint_index, Active=True
        Key : Lower : Body : Upper : Active
    RM3_ReserveMargin_Constraint_constraint : Size=0, Index=RM3_ReserveMargin_Constraint_constraint_index, Active=True
        Key : Lower : Body : Upper : Active
    S1_StorageLevelYearStart_constraint : Size=0, Index=S1_StorageLevelYearStart_constraint_index, Active=True
        Key : Lower : Body : Upper : Active
    S2_StorageLevelTSStart_constraint : Size=0, Index=S2_StorageLevelTSStart_constraint_index, Active=True
        Key : Lower : Body : Upper : Active
    SC1_LowerLimit_constraint : Size=0, Index=SC1_LowerLimit_constraint_index, Active=True
        Key : Lower : Body : Upper : Active
    SC1a_LowerLimitEndofModelPeriod_constraint : Size=0, Index=SC1a_LowerLimitEndofModelPeriod_constraint_index, Active=True
        Key : Lower : Body : Upper : Active
    SC2_UpperLimit_constraint : Size=0, Index=SC2_UpperLimit_constraint_index, Active=True
        Key : Lower : Body : Upper : Active
    SC2a_UpperLimitEndofModelPeriod_Negative_constraint : Size=0, Index=SC2a_UpperLimitEndofModelPeriod_Negative_constraint_index, Active=True
        Key : Lower : Body : Upper : Active
    SC2a_UpperLimitEndofModelPeriod_constraint : Size=0, Index=SC2a_UpperLimitEndofModelPeriod_constraint_index, Active=True
        Key : Lower : Body : Upper : Active
    SC7_StorageMaxUpperLimit_constraint : Size=0, Index=SC7_StorageMaxUpperLimit_constraint_index, Active=True
        Key : Lower : Body : Upper : Active
    SC8_StorageRefilling_constraint : Size=0, Index=SC8_StorageRefilling_constraint_index, Active=True
        Key : Lower : Body : Upper : Active
    SC9_StopModeLeakage_constraint : Size=0, Index=SC9_StopModeLeakage_constraint_index, Active=True
        Key : Lower : Body : Upper : Active
    SI6_SalvageValueStorageAtEndOfPeriod1_constraint : Size=0, Index=SI6_SalvageValueStorageAtEndOfPeriod1_constraint_index, Active=True
        Key : Lower : Body : Upper : Active
    SI7_SalvageValueStorageAtEndOfPeriod2_constraint : Size=0, Index=SI7_SalvageValueStorageAtEndOfPeriod2_constraint_index, Active=True
        Key : Lower : Body : Upper : Active
    SI8_SalvageValueStorageAtEndOfPeriod3_constraint : Size=0, Index=SI8_SalvageValueStorageAtEndOfPeriod3_constraint_index, Active=True
        Key : Lower : Body : Upper : Active
    SM1_SimultaneityPerTechnology_constraint : Size=0, Index=SM1_SimultaneityPerTechnology_constraint_index, Active=True
        Key : Lower : Body : Upper : Active
    SV1_SalvageValueAtEndOfPeriod1_constraint : Size=0, Index=SV1_SalvageValueAtEndOfPeriod1_constraint_index, Active=True
        Key : Lower : Body : Upper : Active
    SV2_SalvageValueAtEndOfPeriod2_constraint : Size=0, Index=SV2_SalvageValueAtEndOfPeriod2_constraint_index, Active=True
        Key : Lower : Body : Upper : Active
    SV3_SalvageValueAtEndOfPeriod3_constraint : Size=0, Index=SV3_SalvageValueAtEndOfPeriod3_constraint_index, Active=True
        Key : Lower : Body : Upper : Active
    SV4_SalvageValueDiscountedToStartYear_constraint : Size=0, Index=SV4_SalvageValueDiscountedToStartYear_constraint_index, Active=True
        Key : Lower : Body : Upper : Active
    TAC1_TotalModelHorizonTechnologyActivity_constraint : Size=0, Index=TAC1_TotalModelHorizonTechnologyActivity_constraint_index, Active=True
        Key : Lower : Body : Upper : Active
    TAC2_TotalModelHorizonTechnologyActivityUpperLimit_constraint : Size=0, Index=TAC2_TotalModelHorizonTechnologyActivityUpperLimit_constraint_index, Active=True
        Key : Lower : Body : Upper : Active
    TAC3_TotalModelHorizonTechnologyActivityLowerLimit_constraint : Size=0, Index=TAC3_TotalModelHorizonTechnologyActivityLowerLimit_constraint_index, Active=True
        Key : Lower : Body : Upper : Active
    TCC1_TotalAnnualMaxCapacityConstraint_constraint : Size=0, Index=TCC1_TotalAnnualMaxCapacityConstraint_constraint_index, Active=True
        Key : Lower : Body : Upper : Active
    TCC2_TotalAnnualMinCapacityConstraint_constraint : Size=0, Index=TCC2_TotalAnnualMinCapacityConstraint_constraint_index, Active=True
        Key : Lower : Body : Upper : Active

1 Suffix Declarations
    dual : Direction=Suffix.IMPORT_EXPORT, Datatype=Suffix.FLOAT
        Key : Value

349 Declarations: YEAR TECHNOLOGY TIMESLICE FUEL EMISSION MODE_OF_OPERATION REGION SEASON DAYTYPE DAILYTIMEBRACKET STORAGE DiscountRate YearSplit_index YearSplit DaySplit_index DaySplit Conversionls_index Conversionls Conversionld_index Conversionld Conversionlh_index Conversionlh DaysInDayType_index DaysInDayType TradeRoute_index TradeRoute DepreciationMethod AccumulatedAnnualDemand_index AccumulatedAnnualDemand SpecifiedAnnualDemand_index SpecifiedAnnualDemand SpecifiedDemandProfile_index SpecifiedDemandProfile CapacityToActivityUnit_index CapacityToActivityUnit TechWithCapacityNeededToMeetPeakTS_index TechWithCapacityNeededToMeetPeakTS CapacityFactor_index CapacityFactor AvailabilityFactor_index AvailabilityFactor OperationalLife_index OperationalLife ResidualCapacity_index ResidualCapacity InputActivityRatio_index InputActivityRatio OutputActivityRatio_index OutputActivityRatio CapitalCost_index CapitalCost VariableCost_index VariableCost FixedCost_index FixedCost SimultaneityTagTechnology_index SimultaneityTagTechnology TechnologyStorage_index TechnologyStorage StorageMaxChargeRate_index StorageMaxChargeRate StorageMaxDischargeRate_index StorageMaxDischargeRate MinStorageCharge_index MinStorageCharge OperationalLifeStorage_index OperationalLifeStorage CapitalCostStorage_index CapitalCostStorage ResidualStorageCapacity_index ResidualStorageCapacity StorageMaxCapacity_index StorageMaxCapacity CapacityOfOneTechnologyUnit_index CapacityOfOneTechnologyUnit TotalAnnualMaxCapacity_index TotalAnnualMaxCapacity TotalAnnualMinCapacity_index TotalAnnualMinCapacity TotalAnnualMaxCapacityInvestment_index TotalAnnualMaxCapacityInvestment TotalAnnualMinCapacityInvestment_index TotalAnnualMinCapacityInvestment TotalTechnologyAnnualActivityUpperLimit_index TotalTechnologyAnnualActivityUpperLimit TotalTechnologyAnnualActivityLowerLimit_index TotalTechnologyAnnualActivityLowerLimit TotalTechnologyModelPeriodActivityUpperLimit_index TotalTechnologyModelPeriodActivityUpperLimit TotalTechnologyModelPeriodActivityLowerLimit_index TotalTechnologyModelPeriodActivityLowerLimit ReserveMarginTagTechnology_index ReserveMarginTagTechnology ReserveMarginTagFuel_index ReserveMarginTagFuel ReserveMargin_index ReserveMargin RETagTechnology_index RETagTechnology RETagFuel_index RETagFuel REMinProductionTarget_index REMinProductionTarget EmissionActivityRatio_index EmissionActivityRatio EmissionsPenalty_index EmissionsPenalty AnnualExogenousEmission_index AnnualExogenousEmission AnnualEmissionLimit_index AnnualEmissionLimit ModelPeriodExogenousEmission_index ModelPeriodExogenousEmission ModelPeriodEmissionLimit_index ModelPeriodEmissionLimit StoredEnergyValue_index StoredEnergyValue StorageLevelStart_index StorageLevelStart CapitalInvestment_index CapitalInvestment RateOfUseByTechnology_index RateOfUseByTechnology RateOfUseByTechnologyByMode_index RateOfUseByTechnologyByMode StorageLevelTSStart_index StorageLevelTSStart NewStorageCapacity_index NewStorageCapacity SalvageValueStorage_index SalvageValueStorage StorageLevelYearStart_index StorageLevelYearStart StorageLevelYearFinish_index StorageLevelYearFinish StorageLevelSeasonStart_index StorageLevelSeasonStart StorageLevelDayTypeStart_index StorageLevelDayTypeStart StorageLevelDayTypeFinish_index StorageLevelDayTypeFinish NumberOfNewTechnologyUnits_index NumberOfNewTechnologyUnits NewCapacity_index NewCapacity RateOfActivity_index RateOfActivity UseByTechnology_index UseByTechnology Trade_index Trade TradeAnnual_index TradeAnnual UseAnnual_index UseAnnual Use_index Use ProductionAnnual_index ProductionAnnual Production_index Production Demand_index Demand DemandAnnual_index DemandAnnual VariableOperatingCost_index VariableOperatingCost SalvageValue_index SalvageValue DiscountedSalvageValue_index DiscountedSalvageValue OperatingCost_index OperatingCost DiscountedTechnologyEmissionsPenalty_index DiscountedTechnologyEmissionsPenalty ModelPeriodEmissions_index ModelPeriodEmissions ProductionByTechnology_index ProductionByTechnology ProductionByTechnologyAnnual_index ProductionByTechnologyAnnual RateOfProductionByTechnology_index RateOfProductionByTechnology RateOfProductionByTechnologyByMode_index RateOfProductionByTechnologyByMode TotalAnnualTechnologyActivityByMode_index TotalAnnualTechnologyActivityByMode AccumulatedNewCapacity_index AccumulatedNewCapacity TotalCapacityAnnual_index TotalCapacityAnnual AnnualVariableOperatingCost_index AnnualVariableOperatingCost TotalTechnologyAnnualActivity_index TotalTechnologyAnnualActivity TotalTechnologyModelPeriodActivity_index TotalTechnologyModelPeriodActivity RateOfDemand_index RateOfDemand TotalREProductionAnnual_index TotalREProductionAnnual RETotalProductionOfTargetFuelAnnual_index RETotalProductionOfTargetFuelAnnual RateOfProduction_index RateOfProduction UseByTechnologyAnnual_index UseByTechnologyAnnual RateOfUse_index RateOfUse OBJ CC1_UndiscountedCapitalInvestment_constraint_index CC1_UndiscountedCapitalInvestment_constraint Acc3_AverageAnnualRateOfActivity_constraint_index Acc3_AverageAnnualRateOfActivity_constraint CAa1_TotalNewCapacity_constraint_index CAa1_TotalNewCapacity_constraint CAa2_TotalAnnualCapacity_constraint_index CAa2_TotalAnnualCapacity_constraint OC1_OperatingCostsVariable_constraint_index OC1_OperatingCostsVariable_constraint TAC1_TotalModelHorizonTechnologyActivity_constraint_index TAC1_TotalModelHorizonTechnologyActivity_constraint CAa5_TotalNewCapacity_constraint_index CAa5_TotalNewCapacity_constraint CAa4_ConstraintCapacity_constraint_index CAa4_ConstraintCapacity_constraint CAa4b_Constraint_Capacity_constraint_index CAa4b_Constraint_Capacity_constraint CAb1_PlannedMaintenance_constraint_index CAb1_PlannedMaintenance_constraint CAb1_PlannedMaintenance_Negative_constraint_index CAb1_PlannedMaintenance_Negative_constraint S1_StorageLevelYearStart_constraint_index S1_StorageLevelYearStart_constraint S2_StorageLevelTSStart_constraint_index S2_StorageLevelTSStart_constraint SC8_StorageRefilling_constraint_index SC8_StorageRefilling_constraint SC9_StopModeLeakage_constraint_index SC9_StopModeLeakage_constraint NonStorageConstraint_constraint_index NonStorageConstraint_constraint SC1_LowerLimit_constraint_index SC1_LowerLimit_constraint SC1a_LowerLimitEndofModelPeriod_constraint_index SC1a_LowerLimitEndofModelPeriod_constraint SC2_UpperLimit_constraint_index SC2_UpperLimit_constraint SC2a_UpperLimitEndofModelPeriod_constraint_index SC2a_UpperLimitEndofModelPeriod_constraint SC2a_UpperLimitEndofModelPeriod_Negative_constraint_index SC2a_UpperLimitEndofModelPeriod_Negative_constraint SC7_StorageMaxUpperLimit_constraint_index SC7_StorageMaxUpperLimit_constraint SI6_SalvageValueStorageAtEndOfPeriod1_constraint_index SI6_SalvageValueStorageAtEndOfPeriod1_constraint SI7_SalvageValueStorageAtEndOfPeriod2_constraint_index SI7_SalvageValueStorageAtEndOfPeriod2_constraint SI8_SalvageValueStorageAtEndOfPeriod3_constraint_index SI8_SalvageValueStorageAtEndOfPeriod3_constraint SV1_SalvageValueAtEndOfPeriod1_constraint_index SV1_SalvageValueAtEndOfPeriod1_constraint SV2_SalvageValueAtEndOfPeriod2_constraint_index SV2_SalvageValueAtEndOfPeriod2_constraint SV3_SalvageValueAtEndOfPeriod3_constraint_index SV3_SalvageValueAtEndOfPeriod3_constraint SV4_SalvageValueDiscountedToStartYear_constraint_index SV4_SalvageValueDiscountedToStartYear_constraint TCC1_TotalAnnualMaxCapacityConstraint_constraint_index TCC1_TotalAnnualMaxCapacityConstraint_constraint TCC2_TotalAnnualMinCapacityConstraint_constraint_index TCC2_TotalAnnualMinCapacityConstraint_constraint NCC1_TotalAnnualMaxNewCapacityConstraint_constraint_index NCC1_TotalAnnualMaxNewCapacityConstraint_constraint NCC2_TotalAnnualMinNewCapacityConstraint_constraint_index NCC2_TotalAnnualMinNewCapacityConstraint_constraint AAC2_TotalAnnualTechnologyActivityUpperLimit_constraint_index AAC2_TotalAnnualTechnologyActivityUpperLimit_constraint AAC3_TotalAnnualTechnologyActivityLowerLimit_constraint_index AAC3_TotalAnnualTechnologyActivityLowerLimit_constraint TAC2_TotalModelHorizonTechnologyActivityUpperLimit_constraint_index TAC2_TotalModelHorizonTechnologyActivityUpperLimit_constraint TAC3_TotalModelHorizonTechnologyActivityLowerLimit_constraint_index TAC3_TotalModelHorizonTechnologyActivityLowerLimit_constraint RM3_ReserveMargin_Constraint_constraint_index RM3_ReserveMargin_Constraint_constraint RE4_EnergyConstraint_constraint_index RE4_EnergyConstraint_constraint E5_DiscountedEmissionsPenaltyByTechnology_constraint_index E5_DiscountedEmissionsPenaltyByTechnology_constraint E8_AnnualEmissionsLimit_constraint_index E8_AnnualEmissionsLimit_constraint E9_ModelPeriodEmissionsLimit_constraint_index E9_ModelPeriodEmissionsLimit_constraint EBa4_RateOfFuelUse1_constraint_index EBa4_RateOfFuelUse1_constraint EBa5_RateOfFuelUse2_constraint_index EBa5_RateOfFuelUse2_constraint Acc2_FuelUseByTechnology_constraint_index Acc2_FuelUseByTechnology_constraint RE5_FuelUseByTechnologyAnnual_constraint_index RE5_FuelUseByTechnologyAnnual_constraint EBa6_RateOfFuelUse3_constraint_index EBa6_RateOfFuelUse3_constraint EBa8_EnergyBalanceEachTS2_constraint_index EBa8_EnergyBalanceEachTS2_constraint EBb2_EnergyBalanceEachYear2_constraint_index EBb2_EnergyBalanceEachYear2_constraint EBa1_RateOfFuelProduction1_constraint_index EBa1_RateOfFuelProduction1_constraint EBa2_RateOfFuelProduction2_constraint_index EBa2_RateOfFuelProduction2_constraint EBa3_RateOfFuelProduction3_constraint_index EBa3_RateOfFuelProduction3_constraint EBa7_EnergyBalanceEachTS1_constraint_index EBa7_EnergyBalanceEachTS1_constraint EBb1_EnergyBalanceEachYear1_constraint_index EBb1_EnergyBalanceEachYear1_constraint EBa11_EnergyBalanceEachTS5_constraint_index EBa11_EnergyBalanceEachTS5_constraint EnergyBalanceEachYear4_constraint_index EnergyBalanceEachYear4_constraint EnergyBalanceEachTS5_constraint_index EnergyBalanceEachTS5_constraint RE3_FuelIncluded_constraint_index RE3_FuelIncluded_constraint Acc1_FuelProductionByTechnology_constraint_index Acc1_FuelProductionByTechnology_constraint RE1_FuelProductionByTechnologyAnnual_constraint_index RE1_FuelProductionByTechnologyAnnual_constraint RE2_TechIncluded_constraint_index RE2_TechIncluded_constraint EnergyConstraint_constraint_index EnergyConstraint_constraint EQ_SpecifiedDemand_constraint_index EQ_SpecifiedDemand_constraint EBa9_EnergyBalanceEachTS3_constraint_index EBa9_EnergyBalanceEachTS3_constraint Demand_constraint_index Demand_constraint EBa10_EnergyBalanceEachTS4_constraint_index EBa10_EnergyBalanceEachTS4_constraint EBb3_EnergyBalanceEachYear3_constraint_index EBb3_EnergyBalanceEachYear3_constraint EBb4_EnergyBalanceEachYear4_constraint_index EBb4_EnergyBalanceEachYear4_constraint SM1_SimultaneityPerTechnology_constraint_index SM1_SimultaneityPerTechnology_constraint dual
