
Log for 'model.lp' Clone_1 (V20.1.0.0) Tue Nov  9 14:03:05 2021

Tried aggregator 1 time.
LP Presolve eliminated 3012 rows and 983 columns.
Reduced LP has 149 rows, 146 columns, and 674 nonzeros.
Presolve time = 0.00 sec. (2.28 ticks)
Parallel mode: using up to 3 threads for barrier.

***NOTE: Found 2 dense columns.

Number of nonzeros in lower triangle of A*A' = 581
Using Approximate Minimum Degree ordering
Total time for automatic ordering = 0.00 sec. (0.08 ticks)
Summary statistics for Cholesky factor:
  Threads                   = 3
  Rows in Factor            = 151
  Integer space required    = 514
  Total non-zeros in factor = 1334
  Total FP ops to factor    = 13680
 Itn      Primal Obj        Dual Obj  Prim Inf Upper Inf  Dual Inf Inf Ratio
   0   7.8293223e+11  -3.2282458e+10  9.05e+06  2.33e+06  4.83e+06  1.00e+00
   1   4.8338485e+11  -1.7987711e+10  5.31e+06  1.37e+06  4.07e+06  1.35e-08
   2   3.6935375e+11  -4.1197807e+10  4.22e+06  1.09e+06  2.33e+06  3.04e-09
   3   1.9977509e+10  -2.3879457e+10  2.84e+05  7.33e+04  1.21e+06  6.07e-09
   4   1.0761351e+09  -1.2156085e+09  1.55e+04  3.99e+03  6.08e+04  1.21e-07
   5   1.4747284e+08  -7.1387039e+07  2.13e+03  5.49e+02  3.54e+03  2.32e-06
   6   7.6595833e+07  -1.2273789e+07  1.08e+03  2.78e+02  7.63e+02  8.85e-06
   7   3.7127364e+07  -8.6083444e+06  5.32e+02  1.37e+02  5.07e+02  1.13e-05
   8   1.2638452e+07   1.4104197e+06  1.58e+02  4.08e+01  4.05e+01  7.36e-05
 Barrier aborted.
Barrier time = 0.02 sec. (0.91 ticks)

Dual simplex solved model.


Log for 'pyomo_model.lp' Clone_1 (V20.1.0.0) Wed Nov 10 12:24:29 2021

Tried aggregator 1 time.
LP Presolve eliminated 3012 rows and 983 columns.
Reduced LP has 149 rows, 146 columns, and 674 nonzeros.
Presolve time = 0.00 sec. (2.28 ticks)
Parallel mode: using up to 3 threads for barrier.

***NOTE: Found 2 dense columns.

Number of nonzeros in lower triangle of A*A' = 581
Using Approximate Minimum Degree ordering
Total time for automatic ordering = 0.00 sec. (0.08 ticks)
Summary statistics for Cholesky factor:
  Threads                   = 3
  Rows in Factor            = 151
  Integer space required    = 514
  Total non-zeros in factor = 1334
  Total FP ops to factor    = 13680
 Itn      Primal Obj        Dual Obj  Prim Inf Upper Inf  Dual Inf Inf Ratio
   0   7.8293223e+11  -3.2282458e+10  9.05e+06  2.33e+06  4.83e+06  1.00e+00
   1   4.8338485e+11  -1.7987711e+10  5.31e+06  1.37e+06  4.07e+06  1.35e-08
   2   3.6935375e+11  -4.1197807e+10  4.22e+06  1.09e+06  2.33e+06  3.04e-09
   3   1.9977509e+10  -2.3879457e+10  2.84e+05  7.33e+04  1.21e+06  6.07e-09
   4   1.0761351e+09  -1.2156085e+09  1.55e+04  3.99e+03  6.08e+04  1.21e-07
   5   1.4747284e+08  -7.1387039e+07  2.13e+03  5.49e+02  3.54e+03  2.32e-06
   6   7.6595833e+07  -1.2273789e+07  1.08e+03  2.78e+02  7.63e+02  8.85e-06
   7   3.7127364e+07  -8.6083444e+06  5.32e+02  1.37e+02  5.07e+02  1.13e-05
   8   1.2638452e+07   1.4104197e+06  1.58e+02  4.08e+01  4.05e+01  7.36e-05
   9   1.0678812e+07   5.0439467e+06  6.67e+01  1.72e+01  2.18e+01  9.88e-05
  10   1.0807235e+07   9.7670789e+06  1.70e+01  4.37e+00  4.07e+00  3.81e-04
  11   1.0656011e+07   1.0442929e+07  1.04e+00  2.68e-01  9.40e-01  1.57e-03
  12   1.0646198e+07   1.0635330e+07  5.26e-02  1.36e-02  4.80e-02  3.07e-02
 Barrier aborted.
Barrier time = 0.28 sec. (1.24 ticks)

Dual simplex solved model.


Log for 'pyomo_model.lp' Clone_1 (V20.1.0.0) Wed Nov 10 17:11:52 2021

Tried aggregator 1 time.
LP Presolve eliminated 3012 rows and 983 columns.
Reduced LP has 149 rows, 146 columns, and 674 nonzeros.
Presolve time = 0.02 sec. (2.28 ticks)
Parallel mode: using up to 3 threads for barrier.

***NOTE: Found 2 dense columns.

Number of nonzeros in lower triangle of A*A' = 581
Using Approximate Minimum Degree ordering
Total time for automatic ordering = 0.00 sec. (0.08 ticks)
Summary statistics for Cholesky factor:
  Threads                   = 3
  Rows in Factor            = 151
  Integer space required    = 514
  Total non-zeros in factor = 1334
  Total FP ops to factor    = 13680
Barrier time = 0.01 sec. (0.20 ticks)

Dual simplex solved model.


Log for 'pyomo_model_dual.lp' Clone_1 (V20.1.0.0) Fri Nov 12 12:00:59 2021

Tried aggregator 1 time.
LP Presolve eliminated 935 rows and 2863 columns.
Reduced LP has 194 rows, 298 columns, and 916 nonzeros.
Presolve time = 0.00 sec. (2.57 ticks)
Parallel mode: using up to 3 threads for barrier.

***NOTE: Found 7 dense columns.

Number of nonzeros in lower triangle of A*A' = 240
Using Approximate Minimum Degree ordering
Total time for automatic ordering = 0.00 sec. (0.02 ticks)
Summary statistics for Cholesky factor:
  Threads                   = 3
  Rows in Factor            = 201
  Integer space required    = 603
  Total non-zeros in factor = 1530
  Total FP ops to factor    = 14692
 Itn      Primal Obj        Dual Obj  Prim Inf Upper Inf  Dual Inf Inf Ratio
   0   3.6876881e+11  -1.3856459e+01  1.40e+04  0.00e+00  1.61e+10  1.00e+00
   1   1.9042049e+11  -5.0930684e+09  7.42e+03  0.00e+00  9.04e+09  5.35e-09
 Barrier aborted.
Barrier time = 0.14 sec. (0.39 ticks)

Dual simplex solved model.


Log for 'pyomo_model.lp' Clone_1 (V20.1.0.0) Wed Nov 17 13:28:47 2021

Tried aggregator 1 time.
LP Presolve eliminated 3014 rows and 983 columns.
Reduced LP has 149 rows, 146 columns, and 674 nonzeros.
Presolve time = 0.03 sec. (2.28 ticks)
Parallel mode: using up to 3 threads for barrier.

***NOTE: Found 2 dense columns.

Number of nonzeros in lower triangle of A*A' = 581
Using Approximate Minimum Degree ordering
Total time for automatic ordering = 0.00 sec. (0.08 ticks)
Summary statistics for Cholesky factor:
  Threads                   = 3
  Rows in Factor            = 151
  Integer space required    = 514
  Total non-zeros in factor = 1334
  Total FP ops to factor    = 13680
 Itn      Primal Obj        Dual Obj  Prim Inf Upper Inf  Dual Inf Inf Ratio
   0   7.8293223e+11  -3.2282323e+10  9.05e+06  2.33e+06  4.83e+06  1.00e+00
 Barrier aborted.
Barrier time = 0.08 sec. (0.24 ticks)

Dual simplex solved model.


Log for 'pyomo_model.lp' Clone_1 (V20.1.0.0) Thu Nov 18 16:06:22 2021

Tried aggregator 1 time.
LP Presolve eliminated 2947 rows and 887 columns.
Reduced LP has 200 rows, 242 columns, and 962 nonzeros.
Presolve time = 0.05 sec. (2.35 ticks)
Parallel mode: using up to 3 threads for barrier.

***NOTE: Found 2 dense columns.

Number of nonzeros in lower triangle of A*A' = 727
Using Approximate Minimum Degree ordering
Total time for automatic ordering = 0.00 sec. (0.09 ticks)
Summary statistics for Cholesky factor:
  Threads                   = 3
  Rows in Factor            = 202
  Integer space required    = 655
  Total non-zeros in factor = 1685
  Total FP ops to factor    = 17471
 Itn      Primal Obj        Dual Obj  Prim Inf Upper Inf  Dual Inf Inf Ratio
   0   7.7506343e+14  -1.3786724e+16  1.84e+10  7.62e+09  9.70e+08  1.00e+00
   1   6.5334764e+14  -8.4716656e+15  8.93e+09  3.69e+09  6.11e+08  7.97e-14
   2   4.1078919e+14  -5.7799712e+15  6.91e+09  2.86e+09  4.07e+08  5.47e-14
   3   5.8824172e+13  -1.1975118e+15  1.21e+09  5.01e+08  8.42e+07  7.76e-14
   4   5.6011438e+12  -9.4550402e+13  1.13e+08  4.68e+07  6.65e+06  1.04e-12
   5   1.3844851e+12  -9.3853676e+12  2.62e+07  1.08e+07  6.64e+05  1.78e-11
   6   1.9957191e+11  -1.4263963e+12  1.84e+06  7.60e+05  1.08e+05  1.17e-10
   7   9.0633615e+10  -1.2575027e+11  2.41e+05  9.97e+04  1.43e+04  9.07e-10
   8   1.6073452e+10  -4.2739121e+09  2.71e+04  1.12e+04  1.18e+03  1.42e-08
   9   9.5153283e+08  -2.9728072e+08  1.67e+03  6.89e+02  7.16e+01  2.91e-07
  10   8.3692414e+07  -3.6974142e+07  1.75e+02  7.23e+01  4.82e+00  5.59e-06
  11   2.2409065e+07  -1.0213346e+07  3.95e+01  1.63e+01  1.71e+00  1.50e-05
  12   1.6563948e+07   7.2697163e+06  1.28e+01  5.29e+00  4.64e-01  5.35e-05
  13   1.2613792e+07   8.1137257e+06  6.05e+00  2.50e+00  2.47e-01  8.81e-05
  14   1.0910277e+07   1.0333025e+07  7.86e-01  3.24e-01  3.15e-02  6.86e-04
  15   1.0658956e+07   1.0628303e+07  3.95e-02  1.63e-02  1.81e-03  1.23e-02
  16   1.0646332e+07   1.0644794e+07  2.22e-03  8.18e-04  4.02e-04  2.46e-01
  17   1.0645700e+07   1.0645623e+07  2.36e-04  4.12e-05  2.04e-05  4.91e+00
  18   1.0645669e+07   1.0645665e+07  7.81e-04  2.20e-06  1.11e-06  9.80e+01
  19   1.0645667e+07   1.0645667e+07  8.41e-04  3.35e-07  1.93e-07  1.95e+03
  20   1.0645667e+07   1.0645667e+07  1.21e-04  7.38e-08  1.30e-07  3.90e+04
  21   1.0645667e+07   1.0645667e+07  1.94e-04  2.75e-07  1.14e-07  7.77e+05
 Barrier aborted.
Barrier time = 0.08 sec. (2.76 ticks)

Dual simplex solved model.


Log for 'pyomo_model.lp' Clone_1 (V20.1.0.0) Fri Nov 19 12:21:27 2021

Tried aggregator 1 time.
LP Presolve eliminated 2947 rows and 887 columns.
Reduced LP has 200 rows, 242 columns, and 962 nonzeros.
Presolve time = 0.03 sec. (2.35 ticks)
Parallel mode: using up to 3 threads for barrier.

***NOTE: Found 2 dense columns.

Number of nonzeros in lower triangle of A*A' = 727
Using Approximate Minimum Degree ordering
Total time for automatic ordering = 0.00 sec. (0.09 ticks)
Summary statistics for Cholesky factor:
  Threads                   = 3
  Rows in Factor            = 202
  Integer space required    = 655
  Total non-zeros in factor = 1685
  Total FP ops to factor    = 17471
 Itn      Primal Obj        Dual Obj  Prim Inf Upper Inf  Dual Inf Inf Ratio
   0   7.7506343e+14  -1.3786724e+16  1.84e+10  7.62e+09  9.70e+08  1.00e+00
   1   6.5334764e+14  -8.4716656e+15  8.93e+09  3.69e+09  6.11e+08  7.97e-14
   2   4.1078919e+14  -5.7799712e+15  6.91e+09  2.86e+09  4.07e+08  5.47e-14
   3   5.8824172e+13  -1.1975118e+15  1.21e+09  5.01e+08  8.42e+07  7.76e-14
   4   5.6011438e+12  -9.4550402e+13  1.13e+08  4.68e+07  6.65e+06  1.04e-12
   5   1.3844851e+12  -9.3853676e+12  2.62e+07  1.08e+07  6.64e+05  1.78e-11
   6   1.9957191e+11  -1.4263963e+12  1.84e+06  7.60e+05  1.08e+05  1.17e-10
   7   9.0633615e+10  -1.2575027e+11  2.41e+05  9.97e+04  1.43e+04  9.07e-10
   8   1.6073452e+10  -4.2739121e+09  2.71e+04  1.12e+04  1.18e+03  1.42e-08
   9   9.5153283e+08  -2.9728072e+08  1.67e+03  6.89e+02  7.16e+01  2.91e-07
  10   8.3692414e+07  -3.6974142e+07  1.75e+02  7.23e+01  4.82e+00  5.59e-06
  11   2.2409065e+07  -1.0213346e+07  3.95e+01  1.63e+01  1.71e+00  1.50e-05
  12   1.6563948e+07   7.2697163e+06  1.28e+01  5.29e+00  4.64e-01  5.35e-05
  13   1.2613792e+07   8.1137257e+06  6.05e+00  2.50e+00  2.47e-01  8.81e-05
  14   1.0910277e+07   1.0333025e+07  7.86e-01  3.24e-01  3.15e-02  6.86e-04
 Barrier aborted.
Barrier time = 0.08 sec. (1.94 ticks)

Dual simplex solved model.


Log for 'pyomo_model.lp' Clone_1 (V20.1.0.0) Fri Nov 19 12:34:15 2021

Tried aggregator 1 time.
LP Presolve eliminated 2846 rows and 790 columns.
Reduced LP has 299 rows, 339 columns, and 1351 nonzeros.
Presolve time = 0.02 sec. (2.47 ticks)
Parallel mode: using up to 3 threads for barrier.

***NOTE: Found 3 dense columns.

Number of nonzeros in lower triangle of A*A' = 1075
Using Approximate Minimum Degree ordering
Total time for automatic ordering = 0.00 sec. (0.17 ticks)
Summary statistics for Cholesky factor:
  Threads                   = 3
  Rows in Factor            = 302
  Integer space required    = 1024
  Total non-zeros in factor = 2731
  Total FP ops to factor    = 35375
Barrier time = 0.03 sec. (0.42 ticks)

Dual simplex solved model.


Log for 'pyomo_model.lp' Clone_1 (V20.1.0.0) Fri Nov 19 12:37:22 2021

Tried aggregator 1 time.
LP Presolve eliminated 2237 rows and 395 columns.
Reduced LP has 892 rows, 734 columns, and 3873 nonzeros.
Presolve time = 0.02 sec. (3.01 ticks)
Parallel mode: using up to 3 threads for barrier.

***NOTE: Found 5 dense columns.

Number of nonzeros in lower triangle of A*A' = 10964
Using Approximate Minimum Degree ordering
Total time for automatic ordering = 0.00 sec. (1.47 ticks)
Summary statistics for Cholesky factor:
  Threads                   = 3
  Rows in Factor            = 897
  Integer space required    = 3338
  Total non-zeros in factor = 29257
  Total FP ops to factor    = 1602335
Barrier time = 0.20 sec. (2.42 ticks)

Dual simplex solved model.


Log for 'pyomo_model.lp' Clone_1 (V20.1.0.0) Fri Nov 19 12:46:25 2021

Tried aggregator 1 time.
LP Presolve eliminated 2237 rows and 395 columns.
Reduced LP has 892 rows, 734 columns, and 3873 nonzeros.
Presolve time = 0.00 sec. (3.01 ticks)
Parallel mode: using up to 3 threads for barrier.

***NOTE: Found 5 dense columns.

Number of nonzeros in lower triangle of A*A' = 10964
Using Approximate Minimum Degree ordering
Total time for automatic ordering = 0.00 sec. (1.47 ticks)
Summary statistics for Cholesky factor:
  Threads                   = 3
  Rows in Factor            = 897
  Integer space required    = 3338
  Total non-zeros in factor = 29257
  Total FP ops to factor    = 1602335
 Itn      Primal Obj        Dual Obj  Prim Inf Upper Inf  Dual Inf Inf Ratio
   0   7.7509323e+14  -5.5107612e+16  3.53e+10  6.44e+09  4.19e+09  1.00e+00
   1   7.5003848e+14  -3.4929168e+16  2.01e+10  3.68e+09  2.68e+09  4.30e-14
   2   5.5211614e+14  -2.3766662e+16  1.68e+10  3.06e+09  1.81e+09  3.90e-14
   3   4.5899663e+13  -4.3583933e+15  2.30e+09  4.20e+08  3.31e+08  1.25e-13
   4   7.8645359e+12  -5.7125855e+14  3.72e+08  6.80e+07  4.34e+07  9.46e-13
   5   1.1927121e+12  -8.1791270e+13  4.99e+07  9.11e+06  6.24e+06  8.25e-12
   6   4.8940887e+11  -1.8785756e+13  1.61e+07  2.94e+06  1.44e+06  3.95e-11
   7   1.9625023e+11  -7.4516647e+12  3.51e+06  6.40e+05  5.77e+05  9.62e-11
   8   8.4548854e+10  -1.4139062e+12  6.41e+05  1.17e+05  1.13e+05  5.17e-10
   9   2.6477348e+10  -5.4576745e+11  1.19e+05  2.18e+04  4.44e+04  1.34e-09
  10   5.0050698e+09  -7.7200758e+10  1.26e+04  2.30e+03  6.45e+03  9.64e-09
  11   1.2423418e+09  -7.5398190e+09  3.30e+03  6.03e+02  6.22e+02  1.02e-07
  12   2.0714645e+08  -1.7439000e+09  5.98e+02  1.09e+02  1.43e+02  4.43e-07
  13   3.4296865e+07  -3.1618025e+08  1.03e+02  1.88e+01  2.57e+01  2.49e-06
  14   7.3007419e+06  -5.2657259e+07  1.30e+01  2.38e+00  4.51e+00  1.44e-05
  15   3.8363903e+06  -1.5945259e+07  2.84e+00  5.12e-01  1.53e+00  4.38e-05
  16   2.7881568e+06  -4.9944615e+06  1.04e+01  3.14e-01  5.49e-01  1.28e-04
  17   9.4211211e+05  -1.1787513e+06  2.17e+01  9.92e-02  1.37e-01  5.51e-04
  18   2.3961815e+05  -2.8893767e+05  4.38e+00  2.21e-02  3.68e-02  2.08e-03
  19   4.6809709e+04  -4.4391193e+04  9.74e-01  3.65e-03  6.56e-03  1.22e-02
  20   7.3988590e+03  -7.6752452e+03  1.72e-01  5.62e-04  1.16e-03  6.84e-02
  21   1.9011927e+03  -1.5382152e+03  4.74e-02  1.11e-04  2.95e-04  2.75e-01
  22   6.2083667e+02  -5.0171777e+02  1.23e-02  2.67e-05  1.21e-04  6.83e-01
  23   4.7447772e+02   1.3669092e+02  1.05e-02  1.70e-05  2.29e-05  3.79e+00
  24   4.5356269e+02   1.7397345e+02  8.54e-03  1.03e-05  1.99e-05  4.37e+00
  25   3.4281648e+02   2.4515748e+02  6.36e-03  2.63e-06  9.30e-06  9.22e+00
  26   3.2068028e+02   2.6148137e+02  5.71e-03  1.59e-06  5.99e-06  1.50e+01
  27   3.0135790e+02   2.8183034e+02  3.79e-03  2.10e-06  1.98e-06  5.50e+01
  28   2.9183607e+02   2.8950068e+02  3.83e-03  2.24e-06  4.89e-07  6.17e+02
  29   2.9031858e+02   2.9019419e+02  9.71e-03  1.09e-06  3.47e-07  1.22e+04
  30   2.9023587e+02   2.9022964e+02  8.09e-03  8.31e-07  3.10e-07  2.43e+05
  31   2.9023172e+02   2.9023141e+02  6.55e-03  6.01e-07  3.67e-07  4.85e+06
  32   2.9023152e+02   2.9023150e+02  5.55e-03  5.91e-07  3.46e-07  9.68e+07
  33   2.9023151e+02   2.9023151e+02  3.92e-02  4.99e-07  2.91e-07  1.93e+09
 Barrier aborted.
Barrier time = 0.09 sec. (24.96 ticks)

Dual simplex solved model.


Log for 'pyomo_model.lp' Clone_1 (V20.1.0.0) Fri Nov 19 14:44:03 2021

Tried aggregator 1 time.
Presolve time = 0.00 sec. (2.82 ticks)

Primal simplex solved model.


Log for 'pyomo_model.lp' Clone_1 (V20.1.0.0) Fri Nov 19 14:44:22 2021

Tried aggregator 1 time.
LP Presolve eliminated 2237 rows and 395 columns.
Reduced LP has 892 rows, 734 columns, and 3873 nonzeros.
Presolve time = 0.02 sec. (3.01 ticks)
Parallel mode: using up to 3 threads for barrier.

***NOTE: Found 5 dense columns.

Number of nonzeros in lower triangle of A*A' = 10964
Using Approximate Minimum Degree ordering
Total time for automatic ordering = 0.00 sec. (1.47 ticks)
Summary statistics for Cholesky factor:
  Threads                   = 3
  Rows in Factor            = 897
  Integer space required    = 3338
  Total non-zeros in factor = 29257
  Total FP ops to factor    = 1602335
 Itn      Primal Obj        Dual Obj  Prim Inf Upper Inf  Dual Inf Inf Ratio
   0   7.7509323e+14  -5.5107612e+16  3.53e+10  6.44e+09  4.19e+09  1.00e+00
   1   7.5003848e+14  -3.4929168e+16  2.01e+10  3.68e+09  2.68e+09  4.30e-14
   2   5.5211614e+14  -2.3766662e+16  1.68e+10  3.06e+09  1.81e+09  3.90e-14
   3   4.5899663e+13  -4.3583933e+15  2.30e+09  4.20e+08  3.31e+08  1.25e-13
   4   7.8645359e+12  -5.7125855e+14  3.72e+08  6.80e+07  4.34e+07  9.46e-13
   5   1.1927121e+12  -8.1791270e+13  4.99e+07  9.11e+06  6.24e+06  8.25e-12
   6   4.8940887e+11  -1.8785756e+13  1.61e+07  2.94e+06  1.44e+06  3.95e-11
   7   1.9625023e+11  -7.4516647e+12  3.51e+06  6.40e+05  5.77e+05  9.62e-11
   8   8.4548854e+10  -1.4139062e+12  6.41e+05  1.17e+05  1.13e+05  5.17e-10
   9   2.6477348e+10  -5.4576745e+11  1.19e+05  2.18e+04  4.44e+04  1.34e-09
  10   5.0050698e+09  -7.7200758e+10  1.26e+04  2.30e+03  6.45e+03  9.64e-09
  11   1.2423418e+09  -7.5398190e+09  3.30e+03  6.03e+02  6.22e+02  1.02e-07
  12   2.0714645e+08  -1.7439000e+09  5.98e+02  1.09e+02  1.43e+02  4.43e-07
  13   3.4296865e+07  -3.1618025e+08  1.03e+02  1.88e+01  2.57e+01  2.49e-06
  14   7.3007419e+06  -5.2657259e+07  1.30e+01  2.38e+00  4.51e+00  1.44e-05
  15   3.8363903e+06  -1.5945259e+07  2.84e+00  5.12e-01  1.53e+00  4.38e-05
  16   2.7881568e+06  -4.9944615e+06  1.04e+01  3.14e-01  5.49e-01  1.28e-04
  17   9.4211211e+05  -1.1787513e+06  2.17e+01  9.92e-02  1.37e-01  5.51e-04
  18   2.3961815e+05  -2.8893767e+05  4.38e+00  2.21e-02  3.68e-02  2.08e-03
  19   4.6809709e+04  -4.4391193e+04  9.74e-01  3.65e-03  6.56e-03  1.22e-02
  20   7.3988590e+03  -7.6752452e+03  1.72e-01  5.62e-04  1.16e-03  6.84e-02
  21   1.9011927e+03  -1.5382152e+03  4.74e-02  1.11e-04  2.95e-04  2.75e-01
  22   6.2083667e+02  -5.0171777e+02  1.23e-02  2.67e-05  1.21e-04  6.83e-01
  23   4.7447772e+02   1.3669092e+02  1.05e-02  1.70e-05  2.29e-05  3.79e+00
  24   4.5356269e+02   1.7397345e+02  8.54e-03  1.03e-05  1.99e-05  4.37e+00
  25   3.4281648e+02   2.4515748e+02  6.36e-03  2.63e-06  9.30e-06  9.22e+00
 Barrier aborted.
Barrier time = 0.06 sec. (19.67 ticks)

Dual simplex solved model.


Log for 'pyomo_model.lp' Clone_1 (V20.1.0.0) Tue Nov 23 10:40:00 2021

Tried aggregator 1 time.
LP Presolve eliminated 2237 rows and 395 columns.
Reduced LP has 892 rows, 734 columns, and 3873 nonzeros.
Presolve time = 0.05 sec. (3.01 ticks)
Parallel mode: using up to 3 threads for barrier.

***NOTE: Found 5 dense columns.

Number of nonzeros in lower triangle of A*A' = 10964
Using Approximate Minimum Degree ordering
Total time for automatic ordering = 0.00 sec. (1.47 ticks)
Summary statistics for Cholesky factor:
  Threads                   = 3
  Rows in Factor            = 897
  Integer space required    = 3338
  Total non-zeros in factor = 29257
  Total FP ops to factor    = 1602335
Barrier time = 0.08 sec. (2.42 ticks)

Dual simplex solved model.


Log for 'pyomo_model.lp' Clone_1 (V20.1.0.0) Tue Nov 23 10:42:53 2021

Tried aggregator 1 time.
LP Presolve eliminated 2237 rows and 395 columns.
Reduced LP has 892 rows, 734 columns, and 3873 nonzeros.
Presolve time = 0.00 sec. (3.01 ticks)
Parallel mode: using up to 3 threads for barrier.

***NOTE: Found 5 dense columns.

Number of nonzeros in lower triangle of A*A' = 10964
Using Approximate Minimum Degree ordering
Total time for automatic ordering = 0.00 sec. (1.47 ticks)
Summary statistics for Cholesky factor:
  Threads                   = 3
  Rows in Factor            = 897
  Integer space required    = 3338
  Total non-zeros in factor = 29257
  Total FP ops to factor    = 1602335
 Itn      Primal Obj        Dual Obj  Prim Inf Upper Inf  Dual Inf Inf Ratio
   0   7.7509323e+14  -5.5107612e+16  3.53e+10  6.44e+09  4.19e+09  1.00e+00
   1   7.5003848e+14  -3.4929168e+16  2.01e+10  3.68e+09  2.68e+09  4.30e-14
   2   5.5211614e+14  -2.3766662e+16  1.68e+10  3.06e+09  1.81e+09  3.90e-14
   3   4.5899663e+13  -4.3583933e+15  2.30e+09  4.20e+08  3.31e+08  1.25e-13
   4   7.8645359e+12  -5.7125855e+14  3.72e+08  6.80e+07  4.34e+07  9.46e-13
   5   1.1927121e+12  -8.1791270e+13  4.99e+07  9.11e+06  6.24e+06  8.25e-12
   6   4.8940887e+11  -1.8785756e+13  1.61e+07  2.94e+06  1.44e+06  3.95e-11
   7   1.9625023e+11  -7.4516647e+12  3.51e+06  6.40e+05  5.77e+05  9.62e-11
   8   8.4548854e+10  -1.4139062e+12  6.41e+05  1.17e+05  1.13e+05  5.17e-10
   9   2.6477348e+10  -5.4576745e+11  1.19e+05  2.18e+04  4.44e+04  1.34e-09
  10   5.0050698e+09  -7.7200758e+10  1.26e+04  2.30e+03  6.45e+03  9.64e-09
  11   1.2423418e+09  -7.5398190e+09  3.30e+03  6.03e+02  6.22e+02  1.02e-07
  12   2.0714645e+08  -1.7439000e+09  5.98e+02  1.09e+02  1.43e+02  4.43e-07
  13   3.4296865e+07  -3.1618025e+08  1.03e+02  1.88e+01  2.57e+01  2.49e-06
  14   7.3007419e+06  -5.2657259e+07  1.30e+01  2.38e+00  4.51e+00  1.44e-05
  15   3.8363903e+06  -1.5945259e+07  2.95e+00  5.12e-01  1.53e+00  4.38e-05
  16   1.9840742e+06  -4.9944640e+06  1.61e+00  1.62e-01  5.49e-01  1.29e-04
Barrier time = 0.06 sec. (13.48 ticks)

Dual simplex solved model.


Log for 'pyomo_model.lp' Clone_1 (V20.1.0.0) Tue Nov 23 10:45:08 2021

Tried aggregator 1 time.
LP Presolve eliminated 2237 rows and 395 columns.
Reduced LP has 892 rows, 734 columns, and 3873 nonzeros.
Presolve time = 0.00 sec. (3.01 ticks)
Parallel mode: using up to 3 threads for barrier.

***NOTE: Found 5 dense columns.

Number of nonzeros in lower triangle of A*A' = 10964
Using Approximate Minimum Degree ordering
Total time for automatic ordering = 0.00 sec. (1.47 ticks)
Summary statistics for Cholesky factor:
  Threads                   = 3
  Rows in Factor            = 897
  Integer space required    = 3338
  Total non-zeros in factor = 29257
  Total FP ops to factor    = 1602335
 Itn      Primal Obj        Dual Obj  Prim Inf Upper Inf  Dual Inf Inf Ratio
   0   7.7509323e+14  -5.5107612e+16  3.53e+10  6.44e+09  4.19e+09  1.00e+00
   1   7.5003848e+14  -3.4929168e+16  2.01e+10  3.68e+09  2.68e+09  4.30e-14
   2   5.5211614e+14  -2.3766662e+16  1.68e+10  3.06e+09  1.81e+09  3.90e-14
   3   4.5899663e+13  -4.3583933e+15  2.30e+09  4.20e+08  3.31e+08  1.25e-13
   4   7.8645359e+12  -5.7125855e+14  3.72e+08  6.80e+07  4.34e+07  9.46e-13
   5   1.1927121e+12  -8.1791270e+13  4.99e+07  9.11e+06  6.24e+06  8.25e-12
   6   4.8940887e+11  -1.8785756e+13  1.61e+07  2.94e+06  1.44e+06  3.95e-11
   7   1.9625023e+11  -7.4516647e+12  3.51e+06  6.40e+05  5.77e+05  9.62e-11
   8   8.4548854e+10  -1.4139062e+12  6.41e+05  1.17e+05  1.13e+05  5.17e-10
   9   2.6477348e+10  -5.4576745e+11  1.19e+05  2.18e+04  4.44e+04  1.34e-09
  10   5.0050698e+09  -7.7200758e+10  1.26e+04  2.30e+03  6.45e+03  9.64e-09
  11   1.2423418e+09  -7.5398190e+09  3.30e+03  6.03e+02  6.22e+02  1.02e-07
  12   2.0714645e+08  -1.7439000e+09  5.98e+02  1.09e+02  1.43e+02  4.43e-07
  13   3.4296865e+07  -3.1618025e+08  1.03e+02  1.88e+01  2.57e+01  2.49e-06
  14   7.3007419e+06  -5.2657259e+07  1.30e+01  2.38e+00  4.51e+00  1.44e-05
  15   3.8363903e+06  -1.5945259e+07  2.84e+00  5.12e-01  1.53e+00  4.38e-05
  16   2.7881568e+06  -4.9944615e+06  1.04e+01  3.14e-01  5.49e-01  1.28e-04
  17   9.4211211e+05  -1.1787513e+06  2.17e+01  9.92e-02  1.37e-01  5.51e-04
  18   2.3961815e+05  -2.8893767e+05  4.38e+00  2.21e-02  3.68e-02  2.08e-03
  19   4.6809709e+04  -4.4391193e+04  9.74e-01  3.65e-03  6.56e-03  1.22e-02
  20   7.3988590e+03  -7.6752452e+03  1.72e-01  5.62e-04  1.16e-03  6.84e-02
  21   1.9011927e+03  -1.5382152e+03  4.74e-02  1.11e-04  2.95e-04  2.75e-01
  22   6.2083667e+02  -5.0171777e+02  1.23e-02  2.67e-05  1.21e-04  6.83e-01
  23   4.7447772e+02   1.3669092e+02  1.05e-02  1.70e-05  2.29e-05  3.79e+00
  24   4.5356269e+02   1.7397345e+02  8.54e-03  1.03e-05  1.99e-05  4.37e+00
  25   3.4281648e+02   2.4515748e+02  6.36e-03  2.63e-06  9.30e-06  9.22e+00
  26   3.2068028e+02   2.6148137e+02  5.71e-03  1.59e-06  5.99e-06  1.50e+01
  27   3.0135790e+02   2.8183034e+02  3.79e-03  2.10e-06  1.98e-06  5.50e+01
Barrier time = 0.06 sec. (21.12 ticks)

Dual simplex solved model.


Log for 'pyomo_model.lp' Clone_1 (V20.1.0.0) Tue Nov 23 10:48:17 2021

Tried aggregator 1 time.
LP Presolve eliminated 2237 rows and 395 columns.
Reduced LP has 892 rows, 734 columns, and 3873 nonzeros.
Presolve time = 0.02 sec. (3.00 ticks)
Parallel mode: using up to 3 threads for barrier.

***NOTE: Found 5 dense columns.

Number of nonzeros in lower triangle of A*A' = 10964
Using Approximate Minimum Degree ordering
Total time for automatic ordering = 0.00 sec. (1.47 ticks)
Summary statistics for Cholesky factor:
  Threads                   = 3
  Rows in Factor            = 897
  Integer space required    = 3338
  Total non-zeros in factor = 29257
  Total FP ops to factor    = 1602335
 Itn      Primal Obj        Dual Obj  Prim Inf Upper Inf  Dual Inf Inf Ratio
   0   7.7509323e+14  -5.5107612e+16  3.53e+10  6.44e+09  4.19e+09  1.00e+00
   1   7.5003848e+14  -3.4929168e+16  2.01e+10  3.68e+09  2.68e+09  4.30e-14
   2   5.5211614e+14  -2.3766662e+16  1.68e+10  3.06e+09  1.81e+09  3.90e-14
   3   4.5899663e+13  -4.3583933e+15  2.30e+09  4.20e+08  3.31e+08  1.25e-13
   4   7.8645359e+12  -5.7125855e+14  3.72e+08  6.80e+07  4.34e+07  9.46e-13
   5   1.1927121e+12  -8.1791270e+13  4.99e+07  9.11e+06  6.24e+06  8.25e-12
   6   4.8940887e+11  -1.8785756e+13  1.61e+07  2.94e+06  1.44e+06  3.95e-11
   7   1.9625023e+11  -7.4516647e+12  3.51e+06  6.40e+05  5.77e+05  9.62e-11
   8   8.4548854e+10  -1.4139062e+12  6.41e+05  1.17e+05  1.13e+05  5.17e-10
   9   2.6477348e+10  -5.4576745e+11  1.19e+05  2.18e+04  4.44e+04  1.34e-09
  10   5.0050698e+09  -7.7200758e+10  1.26e+04  2.30e+03  6.45e+03  9.64e-09
  11   1.2423418e+09  -7.5398190e+09  3.30e+03  6.03e+02  6.22e+02  1.02e-07
  12   2.0714645e+08  -1.7439000e+09  5.98e+02  1.09e+02  1.43e+02  4.43e-07
  13   3.4296865e+07  -3.1618025e+08  1.03e+02  1.88e+01  2.57e+01  2.49e-06
  14   7.3007419e+06  -5.2657259e+07  1.30e+01  2.38e+00  4.51e+00  1.44e-05
  15   3.8363903e+06  -1.5945259e+07  2.82e+00  5.12e-01  1.53e+00  4.38e-05
  16   1.9859523e+06  -4.9944467e+06  3.27e+00  1.62e-01  5.49e-01  1.29e-04
  17   6.9921226e+05  -9.3302988e+05  8.45e-01  4.01e-02  1.26e-01  6.19e-04
  18   2.3434177e+05  -2.2454182e+05  2.53e-01  1.23e-02  3.30e-02  2.47e-03
  19   3.9598416e+04  -3.4384543e+04  3.71e-02  1.82e-03  5.78e-03  1.46e-02
  20   6.9093589e+03  -6.8114481e+03  6.93e-03  3.07e-04  1.18e-03  7.17e-02
 Barrier aborted.
Barrier time = 0.03 sec. (16.10 ticks)

Dual simplex solved model.


Log for 'pyomo_model.lp' Clone_1 (V20.1.0.0) Thu Dec  2 16:20:07 2021

Tried aggregator 1 time.
LP Presolve eliminated 2581 rows and 590 columns.
Reduced LP has 596 rows, 539 columns, and 2805 nonzeros.
Presolve time = 0.03 sec. (2.69 ticks)
Parallel mode: using up to 3 threads for barrier.

***NOTE: Found 9 dense columns.

Number of nonzeros in lower triangle of A*A' = 3198
Using Approximate Minimum Degree ordering
Total time for automatic ordering = 0.02 sec. (0.52 ticks)
Summary statistics for Cholesky factor:
  Threads                   = 3
  Rows in Factor            = 605
  Integer space required    = 2989
  Total non-zeros in factor = 7168
  Total FP ops to factor    = 131872
Barrier time = 0.13 sec. (1.05 ticks)

Dual simplex solved model.


Log for 'pyomo_model.lp' Clone_1 (V20.1.0.0) Tue Dec  7 11:00:16 2021

Tried aggregator 1 time.
LP Presolve eliminated 2189 rows and 395 columns.
Reduced LP has 892 rows, 734 columns, and 3873 nonzeros.
Presolve time = 0.05 sec. (2.94 ticks)
Parallel mode: using up to 3 threads for barrier.

***NOTE: Found 5 dense columns.

Number of nonzeros in lower triangle of A*A' = 10964
Using Approximate Minimum Degree ordering
Total time for automatic ordering = 0.00 sec. (1.47 ticks)
Summary statistics for Cholesky factor:
  Threads                   = 3
  Rows in Factor            = 897
  Integer space required    = 3338
  Total non-zeros in factor = 29257
  Total FP ops to factor    = 1602335
 Itn      Primal Obj        Dual Obj  Prim Inf Upper Inf  Dual Inf Inf Ratio
   0   7.7509323e+14  -5.5107612e+16  3.53e+10  6.44e+09  4.19e+09  1.00e+00
   1   7.5003848e+14  -3.4929168e+16  2.01e+10  3.68e+09  2.68e+09  4.30e-14
   2   5.5211614e+14  -2.3766662e+16  1.68e+10  3.06e+09  1.81e+09  3.90e-14
   3   4.5899663e+13  -4.3583933e+15  2.30e+09  4.20e+08  3.31e+08  1.25e-13
   4   7.8645359e+12  -5.7125855e+14  3.72e+08  6.80e+07  4.34e+07  9.46e-13
   5   1.1927121e+12  -8.1791270e+13  4.99e+07  9.11e+06  6.24e+06  8.25e-12
   6   4.8940887e+11  -1.8785756e+13  1.61e+07  2.94e+06  1.44e+06  3.95e-11
   7   1.9625023e+11  -7.4516647e+12  3.51e+06  6.40e+05  5.77e+05  9.62e-11
   8   8.4548854e+10  -1.4139062e+12  6.41e+05  1.17e+05  1.13e+05  5.17e-10
   9   2.6477348e+10  -5.4576745e+11  1.19e+05  2.18e+04  4.44e+04  1.34e-09
  10   5.0050698e+09  -7.7200758e+10  1.26e+04  2.30e+03  6.45e+03  9.64e-09
  11   1.2423418e+09  -7.5398190e+09  3.30e+03  6.03e+02  6.22e+02  1.02e-07
  12   2.0714645e+08  -1.7439000e+09  5.98e+02  1.09e+02  1.43e+02  4.43e-07
Barrier time = 0.17 sec. (10.86 ticks)

Dual simplex solved model.


Log for 'pyomo_model.lp' Clone_1 (V20.1.0.0) Wed Jun 22 10:21:19 2022

Bound infeasibility column 'NewCapacity(Vancouver_hBASEBOARDe_2015)'.
Presolve time = 0.02 sec. (18.51 ticks)

Log for 'pyomo_model.lp' Clone_1 (V20.1.0.0) Wed Jun 22 10:27:44 2022

Bound infeasibility column 'NewCapacity(Vancouver_hBASEBOARDe_2015)'.
Presolve time = 0.00 sec. (18.51 ticks)

Log for 'pyomo_model.lp' Clone_1 (V20.1.0.0) Wed Jun 22 10:50:18 2022

Tried aggregator 1 time.
LP Presolve eliminated 92821 rows and 87974 columns.
Aggregator did 5256 substitutions.
Reduced LP has 1405 rows, 2052 columns, and 8950 nonzeros.
Presolve time = 0.09 sec. (69.59 ticks)
Parallel mode: using up to 6 threads for barrier.
Number of nonzeros in lower triangle of A*A' = 18518
Using Approximate Minimum Degree ordering
Total time for automatic ordering = 0.00 sec. (1.02 ticks)
Summary statistics for Cholesky factor:
  Threads                   = 6
  Rows in Factor            = 1405
  Integer space required    = 5522
  Total non-zeros in factor = 28914
  Total FP ops to factor    = 719066
 Itn      Primal Obj        Dual Obj  Prim Inf Upper Inf  Dual Inf Inf Ratio
   0   8.1723509e+11  -6.8746251e+13  6.44e+11  4.09e+11  2.22e+06  1.00e+00
   1   5.0647108e+11  -2.8184230e+13  3.48e+11  2.21e+11  9.16e+05  7.32e-11
   2   2.0341064e+11  -1.1076780e+13  6.38e+10  4.06e+10  3.63e+05  8.70e-11
   3   1.0947873e+11  -1.9385396e+12  9.46e+09  6.01e+09  6.60e+04  4.48e-10
   4   5.4895470e+10  -2.1736502e+11  1.30e+09  8.27e+08  8.76e+03  4.81e-09
   5   2.9917289e+10  -1.7410204e+10  3.62e+08  2.30e+08  1.39e+03  6.62e-08
   6   3.6977894e+09  -9.9787181e+09  8.17e+07  5.19e+07  6.23e+02  1.44e-07
   7   4.2641123e+08  -1.1331635e+09  7.05e+06  4.48e+06  7.71e+01  1.37e-06
   8   1.5515660e+08  -3.6348618e+08  1.52e+06  9.69e+05  2.82e+01  4.52e-06
   9   1.4984566e+07  -1.0677498e+07  1.81e+05  1.15e+05  5.31e-01  3.70e-04
  10   1.6507792e+06  -1.4878538e+06  2.41e+04  1.53e+04  5.68e-02  3.21e-03
  11   9.6048971e+04  -4.7623326e+04  1.32e+03  8.38e+02  2.04e-03  6.14e-02
  12   3.2186463e+03   2.3835009e+03  1.07e+01  6.47e+00  4.60e-06  2.44e+01
  13   2.5946464e+03   2.5438123e+03  1.32e+02  1.89e-01  1.31e-06  1.58e+02
  14   2.5897934e+03   2.5730072e+03  2.18e+02  6.25e-02  4.40e-07  6.76e+02
  15   2.5888208e+03   2.5790737e+03  1.92e+02  3.63e-02  2.79e-07  1.44e+03
  16   2.5883725e+03   2.5823870e+03  1.74e+02  2.23e-02  1.92e-07  2.83e+03
  17   2.5882359e+03   2.5837196e+03  1.64e+02  1.68e-02  1.45e-07  3.99e+03
 Barrier aborted.
Barrier time = 0.06 sec. (15.60 ticks)

Dual simplex solved model.


Log for 'pyomo_model.lp' Clone_1 (V20.1.0.0) Wed Jun 22 12:25:49 2022

Bound infeasibility column 'NewCapacity(Vancouver_hBASEBOARDe_2015)'.
Presolve time = 0.02 sec. (18.51 ticks)

Dual simplex solved model.


Log for 'pyomo_model.lp' Clone_1 (V20.1.0.0) Wed Jun 22 12:26:22 2022

Tried aggregator 1 time.
LP Presolve eliminated 92821 rows and 87974 columns.
Aggregator did 5256 substitutions.
Reduced LP has 1405 rows, 2052 columns, and 8950 nonzeros.
Presolve time = 0.11 sec. (69.59 ticks)
Parallel mode: using up to 6 threads for barrier.
Number of nonzeros in lower triangle of A*A' = 18518
Using Approximate Minimum Degree ordering
Total time for automatic ordering = 0.00 sec. (1.02 ticks)
Summary statistics for Cholesky factor:
  Threads                   = 6
  Rows in Factor            = 1405
  Integer space required    = 5522
  Total non-zeros in factor = 28914
  Total FP ops to factor    = 719066
 Itn      Primal Obj        Dual Obj  Prim Inf Upper Inf  Dual Inf Inf Ratio
   0   8.1723509e+11  -6.8746251e+13  6.44e+11  4.09e+11  2.22e+06  1.00e+00
   1   5.0647108e+11  -2.8184230e+13  3.48e+11  2.21e+11  9.16e+05  7.32e-11
   2   2.0341064e+11  -1.1076780e+13  6.38e+10  4.06e+10  3.63e+05  8.70e-11
   3   1.0947873e+11  -1.9385396e+12  9.46e+09  6.01e+09  6.60e+04  4.48e-10
   4   5.4895470e+10  -2.1736502e+11  1.30e+09  8.27e+08  8.76e+03  4.81e-09
   5   2.9917289e+10  -1.7410204e+10  3.62e+08  2.30e+08  1.39e+03  6.62e-08
   6   3.6977894e+09  -9.9787181e+09  8.17e+07  5.19e+07  6.23e+02  1.44e-07
   7   4.2641123e+08  -1.1331635e+09  7.05e+06  4.48e+06  7.71e+01  1.37e-06
   8   1.5515660e+08  -3.6348618e+08  1.52e+06  9.69e+05  2.82e+01  4.52e-06
   9   1.4984566e+07  -1.0677498e+07  1.81e+05  1.15e+05  5.31e-01  3.70e-04
  10   1.6507792e+06  -1.4878538e+06  2.41e+04  1.53e+04  5.68e-02  3.21e-03
  11   9.6048971e+04  -4.7623326e+04  1.32e+03  8.38e+02  2.04e-03  6.14e-02
  12   3.2186463e+03   2.3835009e+03  1.07e+01  6.47e+00  4.60e-06  2.44e+01
  13   2.5946464e+03   2.5438123e+03  1.32e+02  1.89e-01  1.31e-06  1.58e+02
  14   2.5897934e+03   2.5730072e+03  2.18e+02  6.25e-02  4.40e-07  6.76e+02
  15   2.5888208e+03   2.5790737e+03  1.92e+02  3.63e-02  2.79e-07  1.44e+03
  16   2.5883725e+03   2.5823870e+03  1.74e+02  2.23e-02  1.92e-07  2.83e+03
  17   2.5882359e+03   2.5837196e+03  1.64e+02  1.68e-02  1.45e-07  3.99e+03
  18   2.5879135e+03   2.5869316e+03  1.40e+02  3.66e-03  4.06e-08  7.18e+04
  19   2.5879132e+03   2.5869382e+03  1.40e+02  3.63e-03  4.03e-08  7.26e+04
  20   2.5879047e+03   2.5872072e+03  1.36e+02  2.60e-03  2.86e-08  1.10e+05
  21   2.5878938e+03   2.5876283e+03  1.31e+02  9.87e-04  1.12e-08  3.33e+05
  22   2.5878889e+03   2.5878475e+03  1.29e+02  1.55e-04  1.93e-09  3.01e+06
  23   2.5878885e+03   2.5878706e+03  1.28e+02  6.56e-05  8.83e-10  7.30e+06
  24   2.5878883e+03   2.5878842e+03  1.28e+02  2.16e-05  2.40e-10  3.74e+07
  25   2.5878883e+03   2.5878879e+03  1.28e+02  6.75e-06  3.49e-11  6.89e+08
  26   2.5878882e+03   2.5878882e+03  1.28e+02  3.39e-06  1.15e-11  2.45e+09
  27   2.5878882e+03   2.5878882e+03  1.28e+02  5.15e-06  4.21e-12  8.19e+09
  28   2.5878882e+03   2.5878882e+03  1.28e+02  6.10e-06  2.32e-12  1.78e+10
  29   2.5878882e+03   2.5878882e+03  1.28e+02  3.24e-06  1.32e-12  3.29e+10
  30   2.5878882e+03   2.5878882e+03  1.28e+02  3.18e-06  1.12e-12  3.96e+10
  31   2.5878882e+03   2.5878882e+03  1.28e+02  5.03e-06  1.05e-12  4.30e+10
  32   2.5878882e+03   2.5878882e+03  1.28e+02  3.70e-06  9.03e-13  5.35e+10
  33   2.5878882e+03   2.5878882e+03  1.28e+02  8.17e-06  9.99e-13  5.52e+10
  34   2.5878882e+03   2.5878882e+03  1.28e+02  4.66e-06  8.93e-13  6.17e+10
  35   2.5878882e+03   2.5878882e+03  1.28e+02  3.24e-06  5.49e-13  1.02e+11
  36   2.5878882e+03   2.5878882e+03  1.28e+02  4.06e-06  3.87e-13  3.13e+11
  37   2.5878882e+03   2.5878882e+03  1.28e+02  3.81e-06  4.67e-13  8.64e+11
  38   2.5878882e+03   2.5878882e+03  1.28e+02  3.69e-06  3.79e-13  1.07e+12
Barrier time = 0.09 sec. (34.08 ticks)
Parallel mode: deterministic, using up to 6 threads for concurrent optimization:
 * Starting dual Simplex on 1 thread...
 * Starting primal Simplex on 1 thread...

Dual crossover.
  Dual:  Fixed no variables.

Log for 'pyomo_model.lp' Clone_1 (V20.1.0.0) Wed Jun 22 12:26:23 2022


Primal crossover.
  Primal:  Fixing 887 variables.
      886 PMoves:  Infeasibility  1.91144189e+04  Objective  2.58788825e+03
  Primal:  Fixing 810 variables.
      809 PMoves:  Infeasibility  1.91144189e+04  Objective  2.58788825e+03
      609 PMoves:  Infeasibility  1.94950382e+02  Objective  2.58788825e+03
      464 PMoves:  Infeasibility  1.94936519e+02  Objective  2.58788825e+03
      148 PMoves:  Infeasibility  1.94940008e+02  Objective  2.58788825e+03
        0 PMoves:  Infeasibility  1.94934605e+02  Objective  2.58788825e+03
  Primal:  Pushed 486, exchanged 324.

Iteration log . . .
Iteration:     1   Dual objective     =          2587.888249
        6 PMoves:  Infeasibility  1.94934733e+02  Objective  2.58788825e+03
        0 PMoves:  Infeasibility  1.94934605e+02  Objective  2.58788825e+03
  Primal:  Pushed 518, exchanged 369.
  Dual:  Fixed no variables.
Using devex.
Removing shift (5).

Dual simplex solved model.


Dual simplex solved model.

Total crossover time = 0.05 sec. (32.81 ticks)

Total time on 6 threads = 0.58 sec. (277.76 ticks)

Dual simplex solved model.


Log for 'pyomo_model.lp' Clone_1 (V20.1.0.0) Wed Jun 22 14:01:32 2022

Bound infeasibility column 'NewCapacity(Vancouver_hBASEBOARDe_2015)'.
Presolve time = 0.02 sec. (18.51 ticks)

Log for 'pyomo_model.lp' Clone_1 (V20.1.0.0) Wed Jun 22 14:02:45 2022

Bound infeasibility column 'NewCapacity(Vancouver_hBASEBOARDe_2015)'.
Presolve time = 0.01 sec. (18.51 ticks)

Log for 'pyomo_model.lp' Clone_1 (V20.1.0.0) Wed Jun 22 14:13:51 2022


Log for 'pyomo_model.lp' Clone_1 (V20.1.0.0) Thu Jun 23 08:26:37 2022

Bound infeasibility column 'NewCapacity(Vancouver_hBASEBOARDe_2015)'.
Presolve time = 0.02 sec. (18.53 ticks)

Log for 'pyomo_model.lp' Clone_1 (V20.1.0.0) Thu Jun 23 08:27:13 2022

Tried aggregator 1 time.
LP Presolve eliminated 92803 rows and 87956 columns.
Aggregator did 5256 substitutions.
Reduced LP has 1405 rows, 2052 columns, and 8950 nonzeros.
Presolve time = 0.06 sec. (69.58 ticks)
Parallel mode: using up to 6 threads for barrier.
Number of nonzeros in lower triangle of A*A' = 18518
Using Approximate Minimum Degree ordering
Total time for automatic ordering = 0.00 sec. (1.02 ticks)
Summary statistics for Cholesky factor:
  Threads                   = 6
  Rows in Factor            = 1405
  Integer space required    = 5522
  Total non-zeros in factor = 28914
  Total FP ops to factor    = 719066
 Itn      Primal Obj        Dual Obj  Prim Inf Upper Inf  Dual Inf Inf Ratio
   0   8.1723509e+11  -6.8746251e+13  6.44e+11  4.09e+11  2.22e+06  1.00e+00
   1   5.0647108e+11  -2.8184230e+13  3.48e+11  2.21e+11  9.16e+05  7.32e-11
   2   2.0341064e+11  -1.1076780e+13  6.38e+10  4.06e+10  3.63e+05  8.70e-11
   3   1.0947873e+11  -1.9385396e+12  9.46e+09  6.01e+09  6.60e+04  4.48e-10
   4   5.4895470e+10  -2.1736502e+11  1.30e+09  8.27e+08  8.76e+03  4.81e-09
   5   2.9917289e+10  -1.7410204e+10  3.62e+08  2.30e+08  1.39e+03  6.62e-08
   6   3.6977894e+09  -9.9787181e+09  8.17e+07  5.19e+07  6.23e+02  1.44e-07
   7   4.2641122e+08  -1.1331636e+09  7.05e+06  4.48e+06  7.71e+01  1.37e-06
   8   1.5515659e+08  -3.6348619e+08  1.52e+06  9.69e+05  2.82e+01  4.52e-06
   9   1.4984557e+07  -1.0677506e+07  1.81e+05  1.15e+05  5.31e-01  3.70e-04
  10   1.6507705e+06  -1.4878625e+06  2.41e+04  1.53e+04  5.68e-02  3.21e-03
  11   9.6040285e+04  -4.7632012e+04  1.32e+03  8.38e+02  2.04e-03  6.14e-02
  12   3.2099603e+03   2.3748149e+03  1.07e+01  6.47e+00  4.60e-06  2.44e+01
  13   2.5859604e+03   2.5351263e+03  1.32e+02  1.89e-01  1.31e-06  1.58e+02
  14   2.5811074e+03   2.5643212e+03  2.18e+02  6.25e-02  4.40e-07  6.76e+02
  15   2.5801348e+03   2.5703877e+03  1.92e+02  3.63e-02  2.79e-07  1.44e+03
  16   2.5796865e+03   2.5737010e+03  1.74e+02  2.23e-02  1.92e-07  2.83e+03
  17   2.5795499e+03   2.5750336e+03  1.64e+02  1.68e-02  1.45e-07  3.99e+03
 Barrier aborted.
Barrier time = 0.05 sec. (15.60 ticks)

Dual simplex solved model.


Log for 'pyomo_model.lp' Clone_1 (V20.1.0.0) Thu Jun 30 11:42:03 2022

Bound infeasibility column 'NewCapacity(Vancouver_hBASEBOARDe_2015)'.
Presolve time = 0.02 sec. (18.51 ticks)

Log for 'pyomo_model.lp' Clone_1 (V20.1.0.0) Thu Jun 30 11:46:17 2022

Tried aggregator 1 time.
LP Presolve eliminated 92803 rows and 87980 columns.
Aggregator did 5304 substitutions.
Reduced LP has 1405 rows, 2052 columns, and 8950 nonzeros.
Presolve time = 0.08 sec. (69.62 ticks)
Parallel mode: using up to 6 threads for barrier.
Number of nonzeros in lower triangle of A*A' = 18518
Using Approximate Minimum Degree ordering
Total time for automatic ordering = 0.00 sec. (1.02 ticks)
Summary statistics for Cholesky factor:
  Threads                   = 6
  Rows in Factor            = 1405
  Integer space required    = 5522
  Total non-zeros in factor = 28914
  Total FP ops to factor    = 719066
 Itn      Primal Obj        Dual Obj  Prim Inf Upper Inf  Dual Inf Inf Ratio
   0   8.1723509e+11  -6.8746251e+13  6.44e+11  4.09e+11  2.22e+06  1.00e+00
   1   5.0647108e+11  -2.8184230e+13  3.48e+11  2.21e+11  9.16e+05  7.32e-11
   2   2.0341064e+11  -1.1076780e+13  6.38e+10  4.06e+10  3.63e+05  8.70e-11
   3   1.0947873e+11  -1.9385396e+12  9.46e+09  6.01e+09  6.60e+04  4.48e-10
   4   5.4895470e+10  -2.1736502e+11  1.30e+09  8.27e+08  8.76e+03  4.81e-09
   5   2.9917289e+10  -1.7410204e+10  3.62e+08  2.30e+08  1.39e+03  6.62e-08
   6   3.6977894e+09  -9.9787181e+09  8.17e+07  5.19e+07  6.23e+02  1.44e-07
   7   4.2641123e+08  -1.1331635e+09  7.05e+06  4.48e+06  7.71e+01  1.37e-06
   8   1.5515660e+08  -3.6348618e+08  1.52e+06  9.69e+05  2.82e+01  4.52e-06
   9   1.4984566e+07  -1.0677498e+07  1.81e+05  1.15e+05  5.31e-01  3.70e-04
  10   1.6507792e+06  -1.4878538e+06  2.41e+04  1.53e+04  5.68e-02  3.21e-03
  11   9.6048971e+04  -4.7623326e+04  1.32e+03  8.38e+02  2.04e-03  6.14e-02
  12   3.2186463e+03   2.3835009e+03  1.07e+01  6.47e+00  4.60e-06  2.44e+01
  13   2.5946464e+03   2.5438123e+03  1.32e+02  1.89e-01  1.31e-06  1.58e+02
  14   2.5897934e+03   2.5730072e+03  2.18e+02  6.25e-02  4.40e-07  6.76e+02
  15   2.5888208e+03   2.5790737e+03  1.92e+02  3.63e-02  2.79e-07  1.44e+03
  16   2.5883725e+03   2.5823870e+03  1.74e+02  2.23e-02  1.92e-07  2.83e+03
  17   2.5882359e+03   2.5837196e+03  1.64e+02  1.68e-02  1.45e-07  3.99e+03
  18   2.5879135e+03   2.5869316e+03  1.40e+02  3.66e-03  4.06e-08  7.18e+04
  19   2.5879132e+03   2.5869382e+03  1.40e+02  3.63e-03  4.03e-08  7.26e+04
  20   2.5879047e+03   2.5872072e+03  1.36e+02  2.60e-03  2.86e-08  1.10e+05
  21   2.5878938e+03   2.5876283e+03  1.31e+02  9.87e-04  1.12e-08  3.33e+05
  22   2.5878889e+03   2.5878475e+03  1.29e+02  1.55e-04  1.93e-09  3.01e+06
  23   2.5878885e+03   2.5878706e+03  1.28e+02  6.56e-05  8.83e-10  7.30e+06
  24   2.5878883e+03   2.5878842e+03  1.28e+02  2.16e-05  2.40e-10  3.74e+07
 Barrier aborted.
Barrier time = 0.05 sec. (21.62 ticks)

Dual simplex solved model.


Log for 'pyomo_model.lp' Clone_1 (V20.1.0.0) Thu Jun 30 13:21:22 2022

Bound infeasibility column 'NewCapacity(Vancouver_hBASEBOARDe_2015)'.
Presolve time = 0.03 sec. (18.51 ticks)

Dual simplex solved model.


Log for 'pyomo_model.lp' Clone_1 (V20.1.0.0) Thu Jun 30 13:21:43 2022

Tried aggregator 1 time.
LP Presolve eliminated 92803 rows and 87980 columns.
Aggregator did 5304 substitutions.
Reduced LP has 1405 rows, 2052 columns, and 8950 nonzeros.
Presolve time = 0.09 sec. (69.62 ticks)
Parallel mode: using up to 6 threads for barrier.
Number of nonzeros in lower triangle of A*A' = 18518
Using Approximate Minimum Degree ordering
Total time for automatic ordering = 0.00 sec. (1.02 ticks)
Summary statistics for Cholesky factor:
  Threads                   = 6
  Rows in Factor            = 1405
  Integer space required    = 5522
  Total non-zeros in factor = 28914
  Total FP ops to factor    = 719066
 Itn      Primal Obj        Dual Obj  Prim Inf Upper Inf  Dual Inf Inf Ratio
   0   8.1723509e+11  -6.8746251e+13  6.44e+11  4.09e+11  2.22e+06  1.00e+00
   1   5.0647108e+11  -2.8184230e+13  3.48e+11  2.21e+11  9.16e+05  7.32e-11
   2   2.0341064e+11  -1.1076780e+13  6.38e+10  4.06e+10  3.63e+05  8.70e-11
   3   1.0947873e+11  -1.9385396e+12  9.46e+09  6.01e+09  6.60e+04  4.48e-10
   4   5.4895470e+10  -2.1736502e+11  1.30e+09  8.27e+08  8.76e+03  4.81e-09
   5   2.9917289e+10  -1.7410204e+10  3.62e+08  2.30e+08  1.39e+03  6.62e-08
   6   3.6977894e+09  -9.9787181e+09  8.17e+07  5.19e+07  6.23e+02  1.44e-07
   7   4.2641123e+08  -1.1331635e+09  7.05e+06  4.48e+06  7.71e+01  1.37e-06
   8   1.5515660e+08  -3.6348618e+08  1.52e+06  9.69e+05  2.82e+01  4.52e-06
   9   1.4984566e+07  -1.0677498e+07  1.81e+05  1.15e+05  5.31e-01  3.70e-04
  10   1.6507792e+06  -1.4878538e+06  2.41e+04  1.53e+04  5.68e-02  3.21e-03
  11   9.6048971e+04  -4.7623326e+04  1.32e+03  8.38e+02  2.04e-03  6.14e-02
  12   3.2186463e+03   2.3835009e+03  1.07e+01  6.47e+00  4.60e-06  2.44e+01
  13   2.5946464e+03   2.5438123e+03  1.32e+02  1.89e-01  1.31e-06  1.58e+02
  14   2.5897934e+03   2.5730072e+03  2.18e+02  6.25e-02  4.40e-07  6.76e+02
  15   2.5888208e+03   2.5790737e+03  1.92e+02  3.63e-02  2.79e-07  1.44e+03
  16   2.5883725e+03   2.5823870e+03  1.74e+02  2.23e-02  1.92e-07  2.83e+03
  17   2.5882359e+03   2.5837196e+03  1.64e+02  1.68e-02  1.45e-07  3.99e+03
  18   2.5879135e+03   2.5869316e+03  1.40e+02  3.66e-03  4.06e-08  7.18e+04
  19   2.5879132e+03   2.5869382e+03  1.40e+02  3.63e-03  4.03e-08  7.26e+04
  20   2.5879047e+03   2.5872072e+03  1.36e+02  2.60e-03  2.86e-08  1.10e+05
  21   2.5878938e+03   2.5876283e+03  1.31e+02  9.87e-04  1.12e-08  3.33e+05
  22   2.5878889e+03   2.5878475e+03  1.29e+02  1.55e-04  1.93e-09  3.01e+06
  23   2.5878885e+03   2.5878706e+03  1.28e+02  6.56e-05  8.83e-10  7.30e+06
  24   2.5878883e+03   2.5878842e+03  1.28e+02  2.16e-05  2.40e-10  3.74e+07
  25   2.5878883e+03   2.5878879e+03  1.28e+02  6.75e-06  3.49e-11  6.89e+08
  26   2.5878882e+03   2.5878882e+03  1.28e+02  3.39e-06  1.15e-11  2.45e+09
  27   2.5878882e+03   2.5878882e+03  1.28e+02  5.15e-06  4.21e-12  8.19e+09
  28   2.5878882e+03   2.5878882e+03  1.28e+02  6.10e-06  2.32e-12  1.78e+10
  29   2.5878882e+03   2.5878882e+03  1.28e+02  3.24e-06  1.32e-12  3.29e+10
  30   2.5878882e+03   2.5878882e+03  1.28e+02  3.18e-06  1.12e-12  3.96e+10
  31   2.5878882e+03   2.5878882e+03  1.28e+02  5.03e-06  1.05e-12  4.30e+10
  32   2.5878882e+03   2.5878882e+03  1.28e+02  3.70e-06  9.03e-13  5.35e+10
  33   2.5878882e+03   2.5878882e+03  1.28e+02  8.17e-06  9.99e-13  5.52e+10
  34   2.5878882e+03   2.5878882e+03  1.28e+02  4.66e-06  8.93e-13  6.17e+10
  35   2.5878882e+03   2.5878882e+03  1.28e+02  3.24e-06  5.49e-13  1.02e+11
  36   2.5878882e+03   2.5878882e+03  1.28e+02  4.06e-06  3.87e-13  3.13e+11
  37   2.5878882e+03   2.5878882e+03  1.28e+02  3.81e-06  4.67e-13  8.64e+11
  38   2.5878882e+03   2.5878882e+03  1.28e+02  3.69e-06  3.79e-13  1.07e+12
Barrier time = 0.06 sec. (34.08 ticks)
Parallel mode: deterministic, using up to 6 threads for concurrent optimization:
 * Starting dual Simplex on 1 thread...
 * Starting primal Simplex on 1 thread...

Dual crossover.
  Dual:  Fixed no variables.

Log for 'pyomo_model.lp' Clone_1 (V20.1.0.0) Thu Jun 30 13:21:43 2022


Primal crossover.
  Primal:  Fixing 887 variables.
      886 PMoves:  Infeasibility  1.91144189e+04  Objective  2.58788825e+03
  Primal:  Fixing 810 variables.
      809 PMoves:  Infeasibility  1.91144189e+04  Objective  2.58788825e+03
      354 PMoves:  Infeasibility  1.91144189e+04  Objective  2.58788825e+03
      609 PMoves:  Infeasibility  1.94950382e+02  Objective  2.58788825e+03
      148 PMoves:  Infeasibility  1.94940008e+02  Objective  2.58788825e+03
      464 PMoves:  Infeasibility  1.94936519e+02  Objective  2.58788825e+03
        0 PMoves:  Infeasibility  1.94934605e+02  Objective  2.58788825e+03
  Primal:  Pushed 486, exchanged 324.
        6 PMoves:  Infeasibility  1.94934733e+02  Objective  2.58788825e+03
        0 PMoves:  Infeasibility  1.94934605e+02  Objective  2.58788825e+03
  Primal:  Pushed 518, exchanged 369.

Iteration log . . .
Iteration:     1   Dual objective     =          2587.888249
  Dual:  Fixed no variables.
Using devex.
Removing shift (5).

Dual simplex solved model.


Dual simplex solved model.

Total crossover time = 0.02 sec. (38.55 ticks)

Total time on 6 threads = 0.25 sec. (283.55 ticks)

Dual simplex solved model.


Log for 'pyomo_model.lp' Clone_1 (V20.1.0.0) Thu Jun 30 13:45:53 2022

Bound infeasibility column 'NewCapacity(Vancouver_hBASEBOARDe_2015)'.
Presolve time = 0.00 sec. (18.51 ticks)

Primal simplex solved model.


Log for 'pyomo_model.lp' Clone_1 (V20.1.0.0) Thu Jun 30 13:47:23 2022

Presolve time = 0.06 sec. (32.02 ticks)

Dual simplex solved model.


Log for 'pyomo_model.lp' Clone_1 (V20.1.0.0) Thu Jun 30 13:56:06 2022

Presolve time = 0.08 sec. (43.30 ticks)

Dual simplex solved model.


Log for 'pyomo_model.lp' Clone_1 (V20.1.0.0) Thu Jun 30 13:58:45 2022

Presolve time = 0.08 sec. (56.84 ticks)

Dual simplex solved model.


Log for 'pyomo_model.lp' Clone_1 (V20.1.0.0) Thu Jun 30 14:01:00 2022

Presolve time = 0.05 sec. (33.13 ticks)

Dual simplex solved model.


Log for 'pyomo_model.lp' Clone_1 (V20.1.0.0) Thu Jun 30 14:02:03 2022

Presolve time = 0.05 sec. (47.51 ticks)

Dual simplex solved model.


Log for 'pyomo_model.lp' Clone_1 (V20.1.0.0) Thu Jun 30 14:14:04 2022

Presolve time = 0.03 sec. (31.15 ticks)

Dual simplex solved model.


Log for 'pyomo_model.lp' Clone_1 (V20.1.0.0) Mon Jul  4 14:01:32 2022

Bound infeasibility column 'NewCapacity(Vancouver_hBASEBOARDe_2015)'.
Presolve time = 0.02 sec. (18.51 ticks)

Log for 'pyomo_model.lp' Clone_1 (V20.1.0.0) Mon Jul 11 15:35:49 2022

Bound infeasibility column 'NewCapacity(Vancouver_hBASEBOARDe_2015)'.
Presolve time = 0.02 sec. (6.33 ticks)

Log for 'pyomo_model.lp' Clone_1 (V20.1.0.0) Mon Jul 11 15:36:26 2022

Bound infeasibility column 'NewCapacity(Vancouver_hBASEBOARDe_2015)'.
Presolve time = 0.01 sec. (6.33 ticks)

Log for 'pyomo_model.lp' Clone_1 (V20.1.0.0) Mon Jul 11 16:54:33 2022

Tried aggregator 1 time.
LP Presolve eliminated 31487 rows and 29826 columns.
Aggregator did 2098 substitutions.
Reduced LP has 551 rows, 724 columns, and 3350 nonzeros.
Presolve time = 0.03 sec. (24.93 ticks)
Parallel mode: using up to 6 threads for barrier.
Number of nonzeros in lower triangle of A*A' = 7924
Using Approximate Minimum Degree ordering
Total time for automatic ordering = 0.00 sec. (0.65 ticks)
Summary statistics for Cholesky factor:
  Threads                   = 6
  Rows in Factor            = 551
  Integer space required    = 2368
  Total non-zeros in factor = 12391
  Total FP ops to factor    = 349357
 Itn      Primal Obj        Dual Obj  Prim Inf Upper Inf  Dual Inf Inf Ratio
   0   3.7474449e+10  -2.5392795e+13  4.33e+10  1.93e+10  8.50e+05  1.00e+00
   1   3.7805566e+10  -8.5635004e+12  2.76e+10  1.23e+10  2.88e+05  1.75e-10
   2   3.3294759e+10  -2.4597759e+12  8.11e+09  3.61e+09  8.36e+04  2.90e-10
   3   2.3353135e+10  -7.7320432e+11  8.04e+08  3.58e+08  2.68e+04  1.02e-09
   4   1.9052890e+10  -2.9274305e+11  3.34e+08  1.49e+08  1.05e+04  2.27e-09
   5   1.2490142e+10  -5.2123556e+10  5.35e+07  2.38e+07  2.18e+03  1.36e-08
   6   6.3995677e+09  -1.8831779e+09  1.13e+07  5.01e+06  2.56e+02  3.46e-07
   7   6.0185953e+08  -8.4566204e+08  1.93e+06  8.57e+05  5.02e+01  7.79e-07
   8   7.2198197e+07  -5.8712108e+07  2.79e+05  1.24e+05  2.56e+00  1.84e-05
   9   1.3594569e+07  -1.4235778e+07  6.21e+04  2.76e+04  5.14e-01  7.98e-05
  10   1.3752148e+06  -9.2934945e+05  8.04e+03  3.58e+03  1.88e-02  2.50e-03
  11   1.8834779e+05  -1.7034900e+05  1.23e+03  5.45e+02  3.06e-03  1.22e-02
  12   1.0317762e+04  -4.5179977e+03  6.87e+01  3.06e+01  7.90e-05  3.65e-01
  13   1.3071124e+02  -2.5131453e+02  2.14e+00  7.87e-01  2.35e-06  3.97e+00
  14   2.1967954e-01  -1.8909190e-01  5.35e-01  1.49e-04  1.92e-08  2.67e+03
Barrier time = 0.01 sec. (5.32 ticks)

Dual simplex solved model.


Log for 'pyomo_model' Clone_1 (V20.1.0.0) Mon Jul 11 17:01:45 2022

Bound infeasibility column 'NewCapacity(Vancouver_hBASEBOARDe_2015)'.
Presolve time = 0.02 sec. (6.33 ticks)

Log for 'pyomo_infeasible.lp' Clone_1 (V20.1.0.0) Mon Jul 11 17:11:38 2022

Bound infeasibility column 'NewCapacity(Vancouver_hBASEBOARDe_2015)'.
Presolve time = 0.00 sec. (6.33 ticks)

Log for 'pyomo_model.lp' Clone_1 (V20.1.0.0) Mon Jul 11 17:20:16 2022

Bound infeasibility column 'NewCapacity(Vancouver_hBASEBOARDe_2015)'.
Presolve time = 0.00 sec. (6.34 ticks)

Log for 'pyomo_model.lp' Clone_1 (V20.1.0.0) Tue Jul 12 14:09:43 2022

Bound infeasibility column 'NewCapacity(Vancouver_hBASEBOARDe_2015)'.
Presolve time = 0.02 sec. (6.34 ticks)

Log for 'pyomo_model.lp' Clone_1 (V20.1.0.0) Tue Jul 12 16:21:27 2022

Bound infeasibility column 'NewCapacity(Vancouver_hBASEBOARDe_2015)'.
Presolve time = 0.00 sec. (6.34 ticks)

Log for 'pyomo_model.lp' Clone_1 (V20.1.0.0) Tue Jul 12 16:24:24 2022

Bound infeasibility column 'NewCapacity(Vancouver_hBASEBOARDe_2015)'.
Presolve time = 0.02 sec. (6.33 ticks)

Log for 'pyomo_model.lp' Clone_1 (V20.1.0.0) Wed Jul 13 10:37:27 2022

Bound infeasibility column 'NewCapacity(Vancouver_hBASEBOARDe_2015)'.
Presolve time = 0.00 sec. (6.33 ticks)

Log for 'pyomo_model.lp' Clone_1 (V20.1.0.0) Wed Jul 13 12:08:23 2022

Bound infeasibility column 'NewCapacity(Vancouver_hBASEBOARDe_2015)'.
Presolve time = 0.00 sec. (6.34 ticks)

Log for 'pyomo_model.lp' Clone_1 (V20.1.0.0) Wed Jul 13 12:13:23 2022

Bound infeasibility column 'NewCapacity(Vancouver_hBASEBOARDe_2015)'.
Presolve time = 0.00 sec. (6.34 ticks)

Log for 'pyomo_model.lp' Clone_1 (V20.1.0.0) Wed Jul 13 15:29:07 2022

Bound infeasibility column 'NewCapacity(Vancouver_hBASEBOARDe_2015)'.
Presolve time = 0.00 sec. (6.33 ticks)

Log for 'pyomo_model.lp' Clone_1 (V20.1.0.0) Wed Jul 13 15:31:44 2022


Log for 'pyomo_model.lp' Clone_1 (V20.1.0.0) Thu Jul 14 09:00:57 2022

Bound infeasibility column 'NewCapacity(Vancouver_hBASEBOARDe_2015)'.
Presolve time = 0.00 sec. (6.33 ticks)

Log for 'pyomo_model.lp' Clone_1 (V20.1.0.0) Mon Jul 25 17:07:31 2022

Tried aggregator 1 time.
DUAL formed by presolve
LP Presolve eliminated 38538 rows and 33884 columns.
Aggregator did 5120 substitutions.
Reduced LP has 1215 rows, 1701 columns, and 8160 nonzeros.
Presolve time = 0.05 sec. (38.83 ticks)
Parallel mode: using up to 6 threads for barrier.

***NOTE: Found 5 dense columns.

Number of nonzeros in lower triangle of A*A' = 15915
Using Approximate Minimum Degree ordering
Total time for automatic ordering = 0.00 sec. (0.80 ticks)
Summary statistics for Cholesky factor:
  Threads                   = 6
  Rows in Factor            = 1220
  Integer space required    = 6757
  Total non-zeros in factor = 77130
  Total FP ops to factor    = 6711768
 Itn      Primal Obj        Dual Obj  Prim Inf Upper Inf  Dual Inf Inf Ratio
   0  -2.7222069e+12   6.1896517e+01  3.64e+05  0.00e+00  1.75e+11  1.00e+00
   1  -4.9081525e+11  -2.8091552e+08  6.57e+04  0.00e+00  7.95e+10  3.69e-09
   2  -2.7222929e+11  -1.4038976e+10  3.52e+04  0.00e+00  2.27e+10  3.28e-09
   3  -1.5728977e+11  -1.2625561e+10  1.97e+04  0.00e+00  7.45e+09  7.32e-09
   4  -9.4324431e+10   1.2565249e+08  1.21e+04  0.00e+00  2.48e+09  1.72e-08
   5  -1.2414450e+10   4.3893483e+08  1.65e+03  0.00e+00  3.20e+08  1.01e-07
   6  -1.3400472e+09   5.5344402e+07  1.76e+02  0.00e+00  5.23e+07  6.44e-07
   7  -1.6274095e+08   1.4551678e+07  2.23e+01  0.00e+00  6.60e+06  4.98e-06
   8  -5.0713736e+07   1.1697397e+07  7.93e+00  0.00e+00  1.24e+06  2.68e-05
   9  -1.6858932e+07   5.7942787e+06  2.65e+00  0.00e+00  6.09e+05  5.08e-05
  10  -3.0645570e+06   1.3273472e+06  4.34e-01  0.00e+00  1.67e+05  2.28e-04
Barrier time = 0.03 sec. (13.78 ticks)

Dual simplex solved model.

